mode: set
github.com/kanthorlabs/common/configuration/configuration.go:20.39,22.2 1 1
github.com/kanthorlabs/common/configuration/file.go:16.58,22.27 5 1
github.com/kanthorlabs/common/configuration/file.go:22.27,27.3 4 1
github.com/kanthorlabs/common/configuration/file.go:29.2,29.49 1 1
github.com/kanthorlabs/common/configuration/file.go:29.49,31.68 1 0
github.com/kanthorlabs/common/configuration/file.go:31.68,33.4 1 0
github.com/kanthorlabs/common/configuration/file.go:36.2,36.37 1 1
github.com/kanthorlabs/common/configuration/file.go:36.37,39.3 2 1
github.com/kanthorlabs/common/configuration/file.go:41.2,45.54 4 1
github.com/kanthorlabs/common/configuration/file.go:53.57,55.2 1 1
github.com/kanthorlabs/common/configuration/file.go:57.42,59.2 1 1
github.com/kanthorlabs/common/configuration/file.go:61.65,63.2 1 1
github.com/kanthorlabs/common/configuration/file.go:65.58,67.2 1 1
github.com/kanthorlabs/common/gatekeeper/config/config.go:18.38,22.16 2 1
github.com/kanthorlabs/common/gatekeeper/config/config.go:22.16,24.3 1 1
github.com/kanthorlabs/common/gatekeeper/config/config.go:26.2,26.50 1 1
github.com/kanthorlabs/common/gatekeeper/config/config.go:26.50,28.3 1 1
github.com/kanthorlabs/common/gatekeeper/config/config.go:30.2,30.52 1 1
github.com/kanthorlabs/common/gatekeeper/config/config.go:30.52,32.3 1 1
github.com/kanthorlabs/common/gatekeeper/config/config.go:34.2,34.12 1 1
github.com/kanthorlabs/common/gatekeeper/config/config.go:41.43,46.2 1 1
github.com/kanthorlabs/common/gatekeeper/config/config.go:52.41,54.2 1 1
github.com/kanthorlabs/common/gatekeeper/config/helpers.go:13.90,16.39 2 1
github.com/kanthorlabs/common/gatekeeper/config/helpers.go:16.39,19.17 3 1
github.com/kanthorlabs/common/gatekeeper/config/helpers.go:19.17,21.4 1 1
github.com/kanthorlabs/common/gatekeeper/config/helpers.go:23.3,23.60 1 1
github.com/kanthorlabs/common/gatekeeper/config/helpers.go:23.60,25.4 1 1
github.com/kanthorlabs/common/gatekeeper/config/helpers.go:27.3,27.26 1 1
github.com/kanthorlabs/common/gatekeeper/config/helpers.go:30.2,30.41 1 1
github.com/kanthorlabs/common/gatekeeper/config/helpers.go:30.41,33.17 3 1
github.com/kanthorlabs/common/gatekeeper/config/helpers.go:33.17,35.4 1 1
github.com/kanthorlabs/common/gatekeeper/config/helpers.go:37.3,37.60 1 1
github.com/kanthorlabs/common/gatekeeper/config/helpers.go:37.60,39.4 1 1
github.com/kanthorlabs/common/gatekeeper/config/helpers.go:41.3,41.26 1 1
github.com/kanthorlabs/common/gatekeeper/config/helpers.go:44.2,44.79 1 1
github.com/kanthorlabs/common/gatekeeper/opa.go:19.74,20.40 1 1
github.com/kanthorlabs/common/gatekeeper/opa.go:20.40,22.3 1 1
github.com/kanthorlabs/common/gatekeeper/opa.go:24.2,25.16 2 1
github.com/kanthorlabs/common/gatekeeper/opa.go:25.16,27.3 1 0
github.com/kanthorlabs/common/gatekeeper/opa.go:29.2,29.62 1 1
github.com/kanthorlabs/common/gatekeeper/opa.go:43.57,47.53 3 1
github.com/kanthorlabs/common/gatekeeper/opa.go:47.53,49.3 1 0
github.com/kanthorlabs/common/gatekeeper/opa.go:51.2,52.89 2 1
github.com/kanthorlabs/common/gatekeeper/opa.go:52.89,54.3 1 0
github.com/kanthorlabs/common/gatekeeper/opa.go:56.2,57.16 2 1
github.com/kanthorlabs/common/gatekeeper/opa.go:57.16,59.3 1 0
github.com/kanthorlabs/common/gatekeeper/opa.go:60.2,63.16 3 1
github.com/kanthorlabs/common/gatekeeper/opa.go:63.16,65.3 1 0
github.com/kanthorlabs/common/gatekeeper/opa.go:66.2,68.12 2 1
github.com/kanthorlabs/common/gatekeeper/opa.go:71.40,73.2 1 1
github.com/kanthorlabs/common/gatekeeper/opa.go:75.39,77.2 1 1
github.com/kanthorlabs/common/gatekeeper/opa.go:79.60,84.2 3 1
github.com/kanthorlabs/common/gatekeeper/opa.go:86.88,87.71 1 1
github.com/kanthorlabs/common/gatekeeper/opa.go:87.71,89.3 1 1
github.com/kanthorlabs/common/gatekeeper/opa.go:91.2,91.63 1 1
github.com/kanthorlabs/common/gatekeeper/opa.go:91.63,93.3 1 1
github.com/kanthorlabs/common/gatekeeper/opa.go:95.2,105.17 3 1
github.com/kanthorlabs/common/gatekeeper/opa.go:108.89,109.72 1 1
github.com/kanthorlabs/common/gatekeeper/opa.go:109.72,111.3 1 1
github.com/kanthorlabs/common/gatekeeper/opa.go:113.2,119.21 2 1
github.com/kanthorlabs/common/gatekeeper/opa.go:119.21,121.3 1 0
github.com/kanthorlabs/common/gatekeeper/opa.go:123.2,123.26 1 1
github.com/kanthorlabs/common/gatekeeper/opa.go:123.26,125.3 1 1
github.com/kanthorlabs/common/gatekeeper/opa.go:127.2,127.12 1 1
github.com/kanthorlabs/common/gatekeeper/opa.go:131.123,132.73 1 1
github.com/kanthorlabs/common/gatekeeper/opa.go:132.73,134.3 1 0
github.com/kanthorlabs/common/gatekeeper/opa.go:135.2,135.46 1 1
github.com/kanthorlabs/common/gatekeeper/opa.go:135.46,137.3 1 1
github.com/kanthorlabs/common/gatekeeper/opa.go:139.2,145.21 3 1
github.com/kanthorlabs/common/gatekeeper/opa.go:145.21,147.3 1 0
github.com/kanthorlabs/common/gatekeeper/opa.go:149.2,149.26 1 1
github.com/kanthorlabs/common/gatekeeper/opa.go:149.26,151.3 1 1
github.com/kanthorlabs/common/gatekeeper/opa.go:153.2,153.50 1 1
github.com/kanthorlabs/common/gatekeeper/opa.go:156.89,164.21 3 1
github.com/kanthorlabs/common/gatekeeper/opa.go:164.21,166.3 1 0
github.com/kanthorlabs/common/gatekeeper/opa.go:168.2,169.39 2 1
github.com/kanthorlabs/common/gatekeeper/opa.go:169.39,170.51 1 1
github.com/kanthorlabs/common/gatekeeper/opa.go:170.51,172.12 2 1
github.com/kanthorlabs/common/gatekeeper/opa.go:175.3,175.78 1 1
github.com/kanthorlabs/common/gatekeeper/opa.go:178.2,179.29 2 1
github.com/kanthorlabs/common/gatekeeper/opa.go:179.29,184.3 1 1
github.com/kanthorlabs/common/gatekeeper/opa.go:186.2,186.19 1 1
github.com/kanthorlabs/common/gatekeeper/opa.go:189.95,196.21 3 1
github.com/kanthorlabs/common/gatekeeper/opa.go:196.21,198.3 1 0
github.com/kanthorlabs/common/gatekeeper/opa.go:200.2,201.39 2 1
github.com/kanthorlabs/common/gatekeeper/opa.go:201.39,202.49 1 1
github.com/kanthorlabs/common/gatekeeper/opa.go:202.49,204.12 2 1
github.com/kanthorlabs/common/gatekeeper/opa.go:207.3,207.74 1 1
github.com/kanthorlabs/common/gatekeeper/opa.go:210.2,211.27 2 1
github.com/kanthorlabs/common/gatekeeper/opa.go:211.27,216.3 1 1
github.com/kanthorlabs/common/gatekeeper/opa.go:218.2,218.21 1 1
github.com/kanthorlabs/common/gatekeeper/entities/evaluation.go:11.62,17.2 1 1
github.com/kanthorlabs/common/gatekeeper/entities/evaluation.go:19.63,24.2 1 1
github.com/kanthorlabs/common/gatekeeper/entities/evaluation.go:26.64,31.2 1 1
github.com/kanthorlabs/common/gatekeeper/entities/permission.go:15.48,20.2 1 1
github.com/kanthorlabs/common/gatekeeper/entities/privilege.go:19.48,21.2 1 1
github.com/kanthorlabs/common/gatekeeper/entities/privilege.go:23.46,29.2 1 1
github.com/kanthorlabs/common/gatekeeper/rego/rbac.go:15.96,17.16 2 1
github.com/kanthorlabs/common/gatekeeper/rego/rbac.go:17.16,19.3 1 1
github.com/kanthorlabs/common/gatekeeper/rego/rbac.go:21.2,28.16 2 1
github.com/kanthorlabs/common/gatekeeper/rego/rbac.go:28.16,30.3 1 0
github.com/kanthorlabs/common/gatekeeper/rego/rbac.go:32.2,32.86 1 1
github.com/kanthorlabs/common/gatekeeper/rego/rbac.go:32.86,38.17 3 1
github.com/kanthorlabs/common/gatekeeper/rego/rbac.go:38.17,40.4 1 0
github.com/kanthorlabs/common/gatekeeper/rego/rbac.go:42.3,42.25 1 1
github.com/kanthorlabs/common/gatekeeper/rego/rbac.go:42.25,44.4 1 1
github.com/kanthorlabs/common/gatekeeper/rego/rbac.go:46.3,46.13 1 1
github.com/kanthorlabs/common/gatekeeper/rego/storage.go:11.82,12.27 1 1
github.com/kanthorlabs/common/gatekeeper/rego/storage.go:12.27,14.3 1 1
github.com/kanthorlabs/common/gatekeeper/rego/storage.go:16.2,16.32 1 1
github.com/kanthorlabs/common/gatekeeper/rego/storage.go:16.32,17.36 1 1
github.com/kanthorlabs/common/gatekeeper/rego/storage.go:17.36,18.58 1 1
github.com/kanthorlabs/common/gatekeeper/rego/storage.go:18.58,20.5 1 1
github.com/kanthorlabs/common/gatekeeper/rego/storage.go:24.2,28.39 2 1
github.com/kanthorlabs/common/idx/compare.go:15.37,17.16 2 1
github.com/kanthorlabs/common/idx/compare.go:17.16,18.13 1 0
github.com/kanthorlabs/common/idx/compare.go:20.2,20.27 1 1
github.com/kanthorlabs/common/idx/compare.go:24.36,26.16 2 1
github.com/kanthorlabs/common/idx/compare.go:26.16,27.13 1 0
github.com/kanthorlabs/common/idx/compare.go:29.2,29.34 1 1
github.com/kanthorlabs/common/idx/idx.go:12.28,14.2 1 1
github.com/kanthorlabs/common/idx/idx.go:16.34,18.2 1 1
github.com/kanthorlabs/common/idx/idx.go:20.46,24.2 2 1
github.com/kanthorlabs/common/idx/idx.go:26.45,28.24 2 1
github.com/kanthorlabs/common/idx/idx.go:28.24,30.3 1 1
github.com/kanthorlabs/common/idx/idx.go:32.2,33.16 2 1
github.com/kanthorlabs/common/idx/idx.go:33.16,35.3 1 1
github.com/kanthorlabs/common/idx/idx.go:37.2,37.23 1 1
github.com/kanthorlabs/common/project/default.go:13.22,15.18 2 1
github.com/kanthorlabs/common/project/default.go:15.18,17.3 1 1
github.com/kanthorlabs/common/project/default.go:18.2,18.22 1 1
github.com/kanthorlabs/common/project/default.go:21.25,23.14 2 1
github.com/kanthorlabs/common/project/default.go:23.14,25.3 1 1
github.com/kanthorlabs/common/project/default.go:26.2,26.25 1 1
github.com/kanthorlabs/common/project/default.go:29.20,31.16 2 1
github.com/kanthorlabs/common/project/default.go:31.16,33.3 1 1
github.com/kanthorlabs/common/project/default.go:34.2,34.20 1 1
github.com/kanthorlabs/common/project/project.go:15.27,17.2 1 1
github.com/kanthorlabs/common/project/project.go:19.26,21.2 1 1
github.com/kanthorlabs/common/project/project.go:23.19,25.2 1 1
github.com/kanthorlabs/common/project/project.go:27.19,28.48 1 1
github.com/kanthorlabs/common/project/project.go:28.48,30.3 1 1
github.com/kanthorlabs/common/project/project.go:31.2,31.16 1 1
github.com/kanthorlabs/common/project/project.go:34.31,36.2 1 1
github.com/kanthorlabs/common/project/project.go:38.39,40.26 2 1
github.com/kanthorlabs/common/project/project.go:40.26,41.24 1 1
github.com/kanthorlabs/common/project/project.go:41.24,43.4 1 1
github.com/kanthorlabs/common/project/project.go:45.2,45.33 1 1
github.com/kanthorlabs/common/project/project.go:48.42,50.2 1 1
github.com/kanthorlabs/common/project/project.go:52.41,55.2 2 1
github.com/kanthorlabs/common/passport/passport.go:15.72,16.40 1 1
github.com/kanthorlabs/common/passport/passport.go:16.40,18.3 1 1
github.com/kanthorlabs/common/passport/passport.go:20.2,22.33 2 1
github.com/kanthorlabs/common/passport/passport.go:22.33,26.41 3 1
github.com/kanthorlabs/common/passport/passport.go:26.41,28.4 1 1
github.com/kanthorlabs/common/passport/passport.go:30.3,30.33 1 1
github.com/kanthorlabs/common/passport/passport.go:30.33,35.18 2 1
github.com/kanthorlabs/common/passport/passport.go:35.18,37.5 1 1
github.com/kanthorlabs/common/passport/passport.go:39.4,39.30 1 1
github.com/kanthorlabs/common/passport/passport.go:42.3,42.40 1 1
github.com/kanthorlabs/common/passport/passport.go:42.40,47.18 2 1
github.com/kanthorlabs/common/passport/passport.go:47.18,49.5 1 0
github.com/kanthorlabs/common/passport/passport.go:51.4,51.49 1 1
github.com/kanthorlabs/common/passport/passport.go:55.2,55.46 1 1
github.com/kanthorlabs/common/passport/passport.go:73.62,77.49 3 1
github.com/kanthorlabs/common/passport/passport.go:77.49,79.3 1 0
github.com/kanthorlabs/common/passport/passport.go:81.2,82.37 2 1
github.com/kanthorlabs/common/passport/passport.go:82.37,84.21 2 1
github.com/kanthorlabs/common/passport/passport.go:84.21,86.4 1 1
github.com/kanthorlabs/common/passport/passport.go:88.2,88.33 1 1
github.com/kanthorlabs/common/passport/passport.go:88.33,90.3 1 0
github.com/kanthorlabs/common/passport/passport.go:92.2,93.12 2 1
github.com/kanthorlabs/common/passport/passport.go:96.45,97.52 1 1
github.com/kanthorlabs/common/passport/passport.go:97.52,99.3 1 0
github.com/kanthorlabs/common/passport/passport.go:100.2,100.49 1 1
github.com/kanthorlabs/common/passport/passport.go:100.49,102.3 1 0
github.com/kanthorlabs/common/passport/passport.go:104.2,105.37 2 1
github.com/kanthorlabs/common/passport/passport.go:105.37,107.21 2 1
github.com/kanthorlabs/common/passport/passport.go:107.21,109.4 1 1
github.com/kanthorlabs/common/passport/passport.go:111.2,111.17 1 1
github.com/kanthorlabs/common/passport/passport.go:114.44,115.52 1 1
github.com/kanthorlabs/common/passport/passport.go:115.52,117.3 1 0
github.com/kanthorlabs/common/passport/passport.go:118.2,118.49 1 1
github.com/kanthorlabs/common/passport/passport.go:118.49,120.3 1 0
github.com/kanthorlabs/common/passport/passport.go:122.2,123.37 2 1
github.com/kanthorlabs/common/passport/passport.go:123.37,125.21 2 1
github.com/kanthorlabs/common/passport/passport.go:125.21,127.4 1 1
github.com/kanthorlabs/common/passport/passport.go:129.2,129.17 1 1
github.com/kanthorlabs/common/passport/passport.go:132.65,136.49 3 1
github.com/kanthorlabs/common/passport/passport.go:136.49,138.3 1 0
github.com/kanthorlabs/common/passport/passport.go:139.2,142.37 3 1
github.com/kanthorlabs/common/passport/passport.go:142.37,144.21 2 1
github.com/kanthorlabs/common/passport/passport.go:144.21,146.4 1 1
github.com/kanthorlabs/common/passport/passport.go:148.2,148.17 1 1
github.com/kanthorlabs/common/passport/passport.go:151.129,153.10 2 1
github.com/kanthorlabs/common/passport/passport.go:153.10,155.3 1 1
github.com/kanthorlabs/common/passport/passport.go:157.2,157.41 1 1
github.com/kanthorlabs/common/passport/passport.go:160.109,162.10 2 1
github.com/kanthorlabs/common/passport/passport.go:162.10,164.3 1 1
github.com/kanthorlabs/common/passport/passport.go:166.2,166.42 1 1
github.com/kanthorlabs/common/passport/passport.go:169.130,171.10 2 1
github.com/kanthorlabs/common/passport/passport.go:171.10,173.3 1 1
github.com/kanthorlabs/common/passport/passport.go:175.2,175.42 1 1
github.com/kanthorlabs/common/passport/passport.go:178.99,180.10 2 1
github.com/kanthorlabs/common/passport/passport.go:180.10,182.3 1 1
github.com/kanthorlabs/common/passport/passport.go:184.2,184.36 1 1
github.com/kanthorlabs/common/healthcheck/background/client.go:13.65,14.40 1 1
github.com/kanthorlabs/common/healthcheck/background/client.go:14.40,16.3 1 1
github.com/kanthorlabs/common/healthcheck/background/client.go:18.2,18.33 1 1
github.com/kanthorlabs/common/healthcheck/background/client.go:25.47,30.21 4 1
github.com/kanthorlabs/common/healthcheck/background/client.go:30.21,32.44 2 1
github.com/kanthorlabs/common/healthcheck/background/client.go:32.44,34.4 1 1
github.com/kanthorlabs/common/healthcheck/background/client.go:36.3,37.17 2 1
github.com/kanthorlabs/common/healthcheck/background/client.go:37.17,38.12 1 1
github.com/kanthorlabs/common/healthcheck/background/client.go:41.3,42.9 2 1
github.com/kanthorlabs/common/healthcheck/background/client.go:45.2,45.8 1 0
github.com/kanthorlabs/common/healthcheck/background/client.go:48.46,54.21 5 1
github.com/kanthorlabs/common/healthcheck/background/client.go:54.21,56.43 2 1
github.com/kanthorlabs/common/healthcheck/background/client.go:56.43,58.4 1 1
github.com/kanthorlabs/common/healthcheck/background/client.go:60.3,61.17 2 1
github.com/kanthorlabs/common/healthcheck/background/client.go:61.17,62.12 1 1
github.com/kanthorlabs/common/healthcheck/background/client.go:65.3,66.19 2 1
github.com/kanthorlabs/common/healthcheck/background/client.go:66.19,68.12 2 1
github.com/kanthorlabs/common/healthcheck/background/client.go:71.3,72.9 2 1
github.com/kanthorlabs/common/healthcheck/background/client.go:75.2,75.8 1 0
github.com/kanthorlabs/common/healthcheck/background/client.go:78.56,81.16 3 1
github.com/kanthorlabs/common/healthcheck/background/client.go:81.16,83.3 1 1
github.com/kanthorlabs/common/healthcheck/background/client.go:85.2,86.16 2 1
github.com/kanthorlabs/common/healthcheck/background/client.go:86.16,88.3 1 1
github.com/kanthorlabs/common/healthcheck/background/client.go:90.2,91.24 2 1
github.com/kanthorlabs/common/healthcheck/background/server.go:16.65,17.40 1 1
github.com/kanthorlabs/common/healthcheck/background/server.go:17.40,19.3 1 1
github.com/kanthorlabs/common/healthcheck/background/server.go:21.2,24.8 1 1
github.com/kanthorlabs/common/healthcheck/background/server.go:33.58,35.2 1 1
github.com/kanthorlabs/common/healthcheck/background/server.go:37.61,40.2 2 1
github.com/kanthorlabs/common/healthcheck/background/server.go:42.59,43.32 1 1
github.com/kanthorlabs/common/healthcheck/background/server.go:43.32,45.3 1 1
github.com/kanthorlabs/common/healthcheck/background/server.go:46.2,46.48 1 1
github.com/kanthorlabs/common/healthcheck/background/server.go:46.48,48.3 1 1
github.com/kanthorlabs/common/healthcheck/background/server.go:50.2,50.12 1 1
github.com/kanthorlabs/common/healthcheck/background/server.go:53.58,57.6 3 1
github.com/kanthorlabs/common/healthcheck/background/server.go:57.6,58.10 1 1
github.com/kanthorlabs/common/healthcheck/background/server.go:59.28,60.14 1 1
github.com/kanthorlabs/common/healthcheck/background/server.go:61.19,62.34 1 1
github.com/kanthorlabs/common/healthcheck/background/server.go:62.34,64.5 1 1
github.com/kanthorlabs/common/healthcheck/background/server.go:65.4,65.49 1 1
github.com/kanthorlabs/common/healthcheck/background/server.go:65.49,67.5 1 1
github.com/kanthorlabs/common/healthcheck/background/server.go:72.48,77.2 3 1
github.com/kanthorlabs/common/passport/config/ask.go:12.35,15.75 1 1
github.com/kanthorlabs/common/passport/config/ask.go:15.75,17.4 1 1
github.com/kanthorlabs/common/passport/config/config.go:9.38,12.74 1 1
github.com/kanthorlabs/common/passport/config/config.go:12.74,14.4 1 1
github.com/kanthorlabs/common/passport/config/durability.go:11.42,13.2 1 1
github.com/kanthorlabs/common/passport/config/strategy.go:20.40,25.16 2 1
github.com/kanthorlabs/common/passport/config/strategy.go:25.16,27.3 1 1
github.com/kanthorlabs/common/passport/config/strategy.go:29.2,29.30 1 1
github.com/kanthorlabs/common/passport/config/strategy.go:29.30,30.45 1 1
github.com/kanthorlabs/common/passport/config/strategy.go:30.45,32.4 1 1
github.com/kanthorlabs/common/passport/config/strategy.go:35.2,35.37 1 1
github.com/kanthorlabs/common/passport/config/strategy.go:35.37,36.52 1 1
github.com/kanthorlabs/common/passport/config/strategy.go:36.52,38.4 1 1
github.com/kanthorlabs/common/passport/config/strategy.go:41.2,41.12 1 0
github.com/kanthorlabs/common/passport/entities/account.go:21.40,23.2 1 1
github.com/kanthorlabs/common/passport/entities/account.go:25.38,33.2 1 1
github.com/kanthorlabs/common/passport/entities/account.go:35.39,46.2 3 1
github.com/kanthorlabs/common/passport/entities/account.go:48.52,49.28 1 1
github.com/kanthorlabs/common/passport/entities/account.go:49.28,51.3 1 1
github.com/kanthorlabs/common/passport/entities/account.go:52.2,52.52 1 1
github.com/kanthorlabs/common/passport/entities/credentials.go:10.55,11.77 1 1
github.com/kanthorlabs/common/passport/entities/credentials.go:11.77,13.3 1 1
github.com/kanthorlabs/common/passport/entities/credentials.go:14.2,17.3 1 1
github.com/kanthorlabs/common/persistence/database/database.go:11.61,13.16 2 1
github.com/kanthorlabs/common/persistence/database/database.go:13.16,15.3 1 1
github.com/kanthorlabs/common/persistence/database/database.go:16.2,17.16 2 1
github.com/kanthorlabs/common/persistence/database/database.go:17.16,19.3 1 1
github.com/kanthorlabs/common/persistence/database/database.go:21.2,21.36 1 1
github.com/kanthorlabs/common/persistence/database/query.go:28.48,35.2 1 1
github.com/kanthorlabs/common/persistence/database/query.go:37.94,40.25 2 1
github.com/kanthorlabs/common/persistence/database/query.go:40.25,43.3 2 1
github.com/kanthorlabs/common/persistence/database/query.go:45.2,45.11 1 1
github.com/kanthorlabs/common/persistence/database/query.go:48.99,50.2 1 1
github.com/kanthorlabs/common/persistence/database/query.go:52.94,53.24 1 1
github.com/kanthorlabs/common/persistence/database/query.go:53.24,55.3 1 1
github.com/kanthorlabs/common/persistence/database/query.go:57.2,57.28 1 1
github.com/kanthorlabs/common/persistence/database/query.go:57.28,59.3 1 1
github.com/kanthorlabs/common/persistence/database/query.go:61.2,61.11 1 1
github.com/kanthorlabs/common/persistence/database/config/config.go:17.38,21.16 2 1
github.com/kanthorlabs/common/persistence/database/config/config.go:21.16,23.3 1 1
github.com/kanthorlabs/common/persistence/database/config/config.go:25.2,25.31 1 1
github.com/kanthorlabs/common/persistence/database/config/config.go:25.31,26.46 1 1
github.com/kanthorlabs/common/persistence/database/config/config.go:26.46,28.4 1 1
github.com/kanthorlabs/common/persistence/database/config/config.go:31.2,31.12 1 1
github.com/kanthorlabs/common/persistence/database/config/wrapper.go:8.60,15.50 6 1
github.com/kanthorlabs/common/persistence/database/config/wrapper.go:15.50,17.3 1 0
github.com/kanthorlabs/common/persistence/database/config/wrapper.go:18.2,18.40 1 1
github.com/kanthorlabs/common/persistence/database/config/wrapper.go:18.40,20.3 1 1
github.com/kanthorlabs/common/persistence/database/config/wrapper.go:22.2,22.28 1 1
github.com/kanthorlabs/common/persistence/database/config/wrapper.go:29.39,30.49 1 1
github.com/kanthorlabs/common/persistence/database/config/wrapper.go:30.49,32.3 1 1
github.com/kanthorlabs/common/persistence/database/config/wrapper.go:33.2,33.12 1 1
github.com/kanthorlabs/common/passport/strategies/ask.go:15.72,16.40 1 1
github.com/kanthorlabs/common/passport/strategies/ask.go:16.40,18.3 1 1
github.com/kanthorlabs/common/passport/strategies/ask.go:20.2,21.31 2 1
github.com/kanthorlabs/common/passport/strategies/ask.go:21.31,23.3 1 1
github.com/kanthorlabs/common/passport/strategies/ask.go:25.2,25.41 1 1
github.com/kanthorlabs/common/passport/strategies/ask.go:25.41,27.3 1 1
github.com/kanthorlabs/common/passport/strategies/ask.go:29.2,29.66 1 1
github.com/kanthorlabs/common/passport/strategies/ask.go:41.57,42.49 1 1
github.com/kanthorlabs/common/passport/strategies/ask.go:42.49,44.3 1 0
github.com/kanthorlabs/common/passport/strategies/ask.go:46.2,47.12 2 1
github.com/kanthorlabs/common/passport/strategies/ask.go:50.40,51.52 1 1
github.com/kanthorlabs/common/passport/strategies/ask.go:51.52,53.3 1 0
github.com/kanthorlabs/common/passport/strategies/ask.go:54.2,54.49 1 1
github.com/kanthorlabs/common/passport/strategies/ask.go:54.49,56.3 1 0
github.com/kanthorlabs/common/passport/strategies/ask.go:58.2,58.12 1 1
github.com/kanthorlabs/common/passport/strategies/ask.go:61.39,62.52 1 1
github.com/kanthorlabs/common/passport/strategies/ask.go:62.52,64.3 1 0
github.com/kanthorlabs/common/passport/strategies/ask.go:65.2,65.49 1 1
github.com/kanthorlabs/common/passport/strategies/ask.go:65.49,67.3 1 0
github.com/kanthorlabs/common/passport/strategies/ask.go:69.2,69.12 1 1
github.com/kanthorlabs/common/passport/strategies/ask.go:72.60,73.49 1 1
github.com/kanthorlabs/common/passport/strategies/ask.go:73.49,75.3 1 0
github.com/kanthorlabs/common/passport/strategies/ask.go:77.2,78.12 2 1
github.com/kanthorlabs/common/passport/strategies/ask.go:81.111,82.73 1 1
github.com/kanthorlabs/common/passport/strategies/ask.go:82.73,84.3 1 1
github.com/kanthorlabs/common/passport/strategies/ask.go:85.2,86.10 2 1
github.com/kanthorlabs/common/passport/strategies/ask.go:86.10,88.3 1 1
github.com/kanthorlabs/common/passport/strategies/ask.go:90.2,90.87 1 1
github.com/kanthorlabs/common/passport/strategies/ask.go:90.87,92.3 1 1
github.com/kanthorlabs/common/passport/strategies/ask.go:94.2,94.26 1 1
github.com/kanthorlabs/common/passport/strategies/ask.go:97.91,99.2 1 1
github.com/kanthorlabs/common/passport/strategies/ask.go:101.112,103.2 1 1
github.com/kanthorlabs/common/passport/strategies/ask.go:105.81,107.2 1 1
github.com/kanthorlabs/common/passport/strategies/ask.go:109.87,111.2 1 1
github.com/kanthorlabs/common/passport/strategies/durability.go:17.86,18.40 1 1
github.com/kanthorlabs/common/passport/strategies/durability.go:18.40,20.3 1 1
github.com/kanthorlabs/common/passport/strategies/durability.go:22.2,23.16 2 1
github.com/kanthorlabs/common/passport/strategies/durability.go:23.16,25.3 1 0
github.com/kanthorlabs/common/passport/strategies/durability.go:27.2,27.69 1 1
github.com/kanthorlabs/common/passport/strategies/durability.go:40.64,44.49 3 1
github.com/kanthorlabs/common/passport/strategies/durability.go:44.49,46.3 1 0
github.com/kanthorlabs/common/passport/strategies/durability.go:48.2,48.53 1 1
github.com/kanthorlabs/common/passport/strategies/durability.go:48.53,50.3 1 0
github.com/kanthorlabs/common/passport/strategies/durability.go:52.2,53.87 2 1
github.com/kanthorlabs/common/passport/strategies/durability.go:53.87,55.3 1 0
github.com/kanthorlabs/common/passport/strategies/durability.go:57.2,58.12 2 1
github.com/kanthorlabs/common/passport/strategies/durability.go:61.47,62.52 1 1
github.com/kanthorlabs/common/passport/strategies/durability.go:62.52,64.3 1 0
github.com/kanthorlabs/common/passport/strategies/durability.go:65.2,65.49 1 1
github.com/kanthorlabs/common/passport/strategies/durability.go:65.49,67.3 1 0
github.com/kanthorlabs/common/passport/strategies/durability.go:69.2,69.36 1 1
github.com/kanthorlabs/common/passport/strategies/durability.go:72.46,73.52 1 1
github.com/kanthorlabs/common/passport/strategies/durability.go:73.52,75.3 1 0
github.com/kanthorlabs/common/passport/strategies/durability.go:76.2,76.49 1 1
github.com/kanthorlabs/common/passport/strategies/durability.go:76.49,78.3 1 0
github.com/kanthorlabs/common/passport/strategies/durability.go:80.2,80.35 1 1
github.com/kanthorlabs/common/passport/strategies/durability.go:83.67,84.49 1 1
github.com/kanthorlabs/common/passport/strategies/durability.go:84.49,86.3 1 0
github.com/kanthorlabs/common/passport/strategies/durability.go:88.2,89.40 2 1
github.com/kanthorlabs/common/passport/strategies/durability.go:92.118,93.73 1 1
github.com/kanthorlabs/common/passport/strategies/durability.go:93.73,95.3 1 1
github.com/kanthorlabs/common/passport/strategies/durability.go:97.2,101.21 3 1
github.com/kanthorlabs/common/passport/strategies/durability.go:101.21,103.3 1 1
github.com/kanthorlabs/common/passport/strategies/durability.go:105.2,105.87 1 1
github.com/kanthorlabs/common/passport/strategies/durability.go:105.87,107.3 1 1
github.com/kanthorlabs/common/passport/strategies/durability.go:109.2,109.26 1 1
github.com/kanthorlabs/common/passport/strategies/durability.go:112.98,114.2 1 1
github.com/kanthorlabs/common/passport/strategies/durability.go:116.119,118.2 1 1
github.com/kanthorlabs/common/passport/strategies/durability.go:120.88,122.21 2 1
github.com/kanthorlabs/common/passport/strategies/durability.go:122.21,124.3 1 1
github.com/kanthorlabs/common/passport/strategies/durability.go:125.2,125.12 1 1
github.com/kanthorlabs/common/passport/strategies/durability.go:128.94,129.75 1 1
github.com/kanthorlabs/common/passport/strategies/durability.go:129.75,132.46 2 1
github.com/kanthorlabs/common/passport/strategies/durability.go:132.46,134.4 1 1
github.com/kanthorlabs/common/passport/strategies/durability.go:136.3,139.23 3 1
github.com/kanthorlabs/common/passport/strategies/durability.go:139.23,141.4 1 0
github.com/kanthorlabs/common/passport/strategies/durability.go:143.3,143.13 1 1
github.com/kanthorlabs/common/persistence/datastore/config/config.go:15.38,19.16 2 1
github.com/kanthorlabs/common/persistence/datastore/config/config.go:19.16,21.3 1 1
github.com/kanthorlabs/common/persistence/datastore/config/config.go:23.2,23.31 1 1
github.com/kanthorlabs/common/persistence/datastore/config/config.go:23.31,24.46 1 1
github.com/kanthorlabs/common/persistence/datastore/config/config.go:24.46,26.4 1 1
github.com/kanthorlabs/common/persistence/datastore/config/config.go:29.2,29.12 1 1
github.com/kanthorlabs/common/persistence/datastore/config/wrapper.go:9.39,10.50 1 1
github.com/kanthorlabs/common/persistence/datastore/config/wrapper.go:10.50,12.3 1 1
github.com/kanthorlabs/common/persistence/datastore/config/wrapper.go:13.2,13.12 1 1
github.com/kanthorlabs/common/persistence/datastore/config/wrapper.go:16.60,26.50 7 1
github.com/kanthorlabs/common/persistence/datastore/config/wrapper.go:26.50,28.3 1 0
github.com/kanthorlabs/common/persistence/datastore/config/wrapper.go:29.2,29.40 1 1
github.com/kanthorlabs/common/persistence/datastore/config/wrapper.go:29.40,31.3 1 1
github.com/kanthorlabs/common/persistence/datastore/config/wrapper.go:33.2,33.29 1 1
github.com/kanthorlabs/common/persistence/datastore/datastore.go:11.62,13.16 2 1
github.com/kanthorlabs/common/persistence/datastore/datastore.go:13.16,15.3 1 1
github.com/kanthorlabs/common/persistence/datastore/datastore.go:16.2,17.16 2 1
github.com/kanthorlabs/common/persistence/datastore/datastore.go:17.16,19.3 1 1
github.com/kanthorlabs/common/persistence/datastore/datastore.go:21.2,21.36 1 1
github.com/kanthorlabs/common/persistence/datastore/query.go:31.52,39.2 1 1
github.com/kanthorlabs/common/persistence/datastore/query.go:41.86,51.24 4 1
github.com/kanthorlabs/common/persistence/datastore/query.go:51.24,61.3 1 1
github.com/kanthorlabs/common/persistence/datastore/query.go:63.2,63.24 1 1
github.com/kanthorlabs/common/persistence/datastore/query.go:63.24,65.3 1 1
github.com/kanthorlabs/common/persistence/datastore/query.go:67.2,67.11 1 1
github.com/kanthorlabs/common/persistence/sqlx/config/config.go:21.38,26.16 2 1
github.com/kanthorlabs/common/persistence/sqlx/config/config.go:26.16,28.3 1 1
github.com/kanthorlabs/common/persistence/sqlx/config/config.go:30.2,30.51 1 1
github.com/kanthorlabs/common/persistence/sqlx/config/config.go:30.51,32.3 1 1
github.com/kanthorlabs/common/persistence/sqlx/config/config.go:34.2,34.12 1 1
github.com/kanthorlabs/common/persistence/sqlx/config/connection.go:12.42,19.2 1 1
github.com/kanthorlabs/common/persistence/sqlx/gorm.go:14.76,26.45 4 1
github.com/kanthorlabs/common/persistence/sqlx/gorm.go:26.45,28.3 1 1
github.com/kanthorlabs/common/persistence/sqlx/gorm.go:28.8,30.3 1 1
github.com/kanthorlabs/common/persistence/sqlx/gorm.go:31.2,31.16 1 1
github.com/kanthorlabs/common/persistence/sqlx/gorm.go:31.16,33.3 1 1
github.com/kanthorlabs/common/persistence/sqlx/gorm.go:35.2,36.16 2 1
github.com/kanthorlabs/common/persistence/sqlx/gorm.go:36.16,38.3 1 0
github.com/kanthorlabs/common/persistence/sqlx/gorm.go:42.2,47.17 5 1
github.com/kanthorlabs/common/persistence/sqlx/logger.go:11.56,13.2 1 1
github.com/kanthorlabs/common/persistence/sqlx/logger.go:19.65,21.2 1 0
github.com/kanthorlabs/common/persistence/sqlx/logger.go:23.82,25.2 1 0
github.com/kanthorlabs/common/persistence/sqlx/logger.go:26.82,28.2 1 0
github.com/kanthorlabs/common/persistence/sqlx/logger.go:30.83,32.2 1 1
github.com/kanthorlabs/common/persistence/sqlx/logger.go:34.122,38.51 3 1
github.com/kanthorlabs/common/persistence/sqlx/logger.go:38.51,40.3 1 1
github.com/kanthorlabs/common/persistence/sqlx/logger.go:41.2,45.16 2 0
github.com/kanthorlabs/common/persistence/sqlx/logger.go:45.16,47.3 1 0
github.com/kanthorlabs/common/persistence/sqlx/logger.go:49.2,49.36 1 0
github.com/kanthorlabs/common/persistence/sqlx/sqlx.go:20.87,21.40 1 1
github.com/kanthorlabs/common/persistence/sqlx/sqlx.go:21.40,23.3 1 1
github.com/kanthorlabs/common/persistence/sqlx/sqlx.go:24.2,25.46 2 1
github.com/kanthorlabs/common/persistence/sqlx/sqlx.go:38.57,42.49 3 1
github.com/kanthorlabs/common/persistence/sqlx/sqlx.go:42.49,44.3 1 1
github.com/kanthorlabs/common/persistence/sqlx/sqlx.go:46.2,47.16 2 1
github.com/kanthorlabs/common/persistence/sqlx/sqlx.go:47.16,49.3 1 0
github.com/kanthorlabs/common/persistence/sqlx/sqlx.go:50.2,54.12 4 1
github.com/kanthorlabs/common/persistence/sqlx/sqlx.go:57.40,58.52 1 1
github.com/kanthorlabs/common/persistence/sqlx/sqlx.go:58.52,60.3 1 1
github.com/kanthorlabs/common/persistence/sqlx/sqlx.go:61.2,61.49 1 1
github.com/kanthorlabs/common/persistence/sqlx/sqlx.go:61.49,63.3 1 1
github.com/kanthorlabs/common/persistence/sqlx/sqlx.go:65.2,67.32 3 1
github.com/kanthorlabs/common/persistence/sqlx/sqlx.go:67.32,69.3 1 1
github.com/kanthorlabs/common/persistence/sqlx/sqlx.go:71.2,71.12 1 1
github.com/kanthorlabs/common/persistence/sqlx/sqlx.go:74.39,75.52 1 1
github.com/kanthorlabs/common/persistence/sqlx/sqlx.go:75.52,77.3 1 1
github.com/kanthorlabs/common/persistence/sqlx/sqlx.go:78.2,78.49 1 1
github.com/kanthorlabs/common/persistence/sqlx/sqlx.go:78.49,80.3 1 1
github.com/kanthorlabs/common/persistence/sqlx/sqlx.go:82.2,84.32 3 1
github.com/kanthorlabs/common/persistence/sqlx/sqlx.go:84.32,86.3 1 1
github.com/kanthorlabs/common/persistence/sqlx/sqlx.go:88.2,88.12 1 1
github.com/kanthorlabs/common/persistence/sqlx/sqlx.go:91.60,95.49 3 1
github.com/kanthorlabs/common/persistence/sqlx/sqlx.go:95.49,97.3 1 1
github.com/kanthorlabs/common/persistence/sqlx/sqlx.go:98.2,102.51 4 1
github.com/kanthorlabs/common/persistence/sqlx/sqlx.go:102.51,103.38 1 1
github.com/kanthorlabs/common/persistence/sqlx/sqlx.go:103.38,105.4 1 0
github.com/kanthorlabs/common/persistence/sqlx/sqlx.go:106.8,108.3 1 0
github.com/kanthorlabs/common/persistence/sqlx/sqlx.go:109.2,111.18 2 1
github.com/kanthorlabs/common/persistence/sqlx/sqlx.go:114.35,116.2 1 1
github.com/kanthorlabs/common/signature/signature.go:13.13,16.2 2 1
github.com/kanthorlabs/common/signature/signature.go:18.36,21.32 2 1
github.com/kanthorlabs/common/signature/signature.go:21.32,24.3 2 1
github.com/kanthorlabs/common/signature/signature.go:26.2,26.51 1 1
github.com/kanthorlabs/common/signature/signature.go:29.48,31.28 2 1
github.com/kanthorlabs/common/signature/signature.go:31.28,33.21 2 1
github.com/kanthorlabs/common/signature/signature.go:33.21,34.12 1 0
github.com/kanthorlabs/common/signature/signature.go:37.3,38.13 2 1
github.com/kanthorlabs/common/signature/signature.go:38.13,39.12 1 1
github.com/kanthorlabs/common/signature/signature.go:42.3,43.17 2 1
github.com/kanthorlabs/common/signature/signature.go:43.17,45.4 1 1
github.com/kanthorlabs/common/signature/signature.go:48.2,48.55 1 1
github.com/kanthorlabs/common/signature/v1.go:12.52,17.2 3 1
github.com/kanthorlabs/common/signature/v1.go:19.62,22.47 2 1
github.com/kanthorlabs/common/signature/v1.go:22.47,24.3 1 1
github.com/kanthorlabs/common/signature/v1.go:26.2,26.58 1 1
github.com/kanthorlabs/common/timer/timer.go:5.18,7.2 1 1
github.com/kanthorlabs/common/timer/timer.go:18.33,20.2 1 1
github.com/kanthorlabs/common/timer/timer.go:23.49,25.2 1 1
github.com/kanthorlabs/common/utils/number.go:3.88,4.11 1 1
github.com/kanthorlabs/common/utils/number.go:4.11,6.3 1 1
github.com/kanthorlabs/common/utils/number.go:7.2,7.10 1 1
github.com/kanthorlabs/common/utils/number.go:10.88,11.11 1 1
github.com/kanthorlabs/common/utils/number.go:11.11,13.3 1 1
github.com/kanthorlabs/common/utils/number.go:14.2,14.10 1 1
github.com/kanthorlabs/common/utils/os.go:9.35,10.78 1 1
github.com/kanthorlabs/common/utils/os.go:10.78,12.3 1 1
github.com/kanthorlabs/common/utils/os.go:14.2,16.24 2 1
github.com/kanthorlabs/common/utils/os.go:16.24,18.3 1 1
github.com/kanthorlabs/common/utils/os.go:20.2,21.16 2 1
github.com/kanthorlabs/common/utils/os.go:21.16,23.3 1 1
github.com/kanthorlabs/common/utils/os.go:25.2,25.11 1 0
github.com/kanthorlabs/common/utils/slice.go:3.85,4.21 1 1
github.com/kanthorlabs/common/utils/slice.go:4.21,6.3 1 1
github.com/kanthorlabs/common/utils/slice.go:7.2,7.20 1 1
github.com/kanthorlabs/common/utils/string.go:10.35,12.2 1 1
github.com/kanthorlabs/common/utils/string.go:14.34,15.18 1 1
github.com/kanthorlabs/common/utils/string.go:15.18,17.3 1 1
github.com/kanthorlabs/common/utils/string.go:18.2,19.22 2 1
github.com/kanthorlabs/common/utils/string.go:22.40,23.18 1 1
github.com/kanthorlabs/common/utils/string.go:23.18,25.3 1 1
github.com/kanthorlabs/common/utils/string.go:26.2,27.22 2 1
github.com/kanthorlabs/common/utils/string.go:30.33,33.30 3 1
github.com/kanthorlabs/common/utils/string.go:33.30,35.3 1 1
github.com/kanthorlabs/common/utils/string.go:37.2,37.16 1 1
github.com/kanthorlabs/common/validator/common.go:7.53,8.22 1 1
github.com/kanthorlabs/common/validator/common.go:8.22,9.19 1 1
github.com/kanthorlabs/common/validator/common.go:9.19,11.4 1 1
github.com/kanthorlabs/common/validator/common.go:12.3,12.13 1 1
github.com/kanthorlabs/common/validator/helpers.go:3.64,4.22 1 1
github.com/kanthorlabs/common/validator/helpers.go:4.22,5.35 1 1
github.com/kanthorlabs/common/validator/helpers.go:5.35,6.43 1 1
github.com/kanthorlabs/common/validator/helpers.go:6.43,8.5 1 1
github.com/kanthorlabs/common/validator/helpers.go:11.3,11.13 1 1
github.com/kanthorlabs/common/validator/helpers.go:15.77,16.22 1 1
github.com/kanthorlabs/common/validator/helpers.go:16.22,17.28 1 1
github.com/kanthorlabs/common/validator/helpers.go:17.28,18.50 1 1
github.com/kanthorlabs/common/validator/helpers.go:18.50,20.5 1 1
github.com/kanthorlabs/common/validator/helpers.go:23.3,23.13 1 1
github.com/kanthorlabs/common/validator/loop.go:5.55,6.22 1 1
github.com/kanthorlabs/common/validator/loop.go:6.22,7.20 1 1
github.com/kanthorlabs/common/validator/loop.go:7.20,9.4 1 1
github.com/kanthorlabs/common/validator/loop.go:10.3,10.23 1 1
github.com/kanthorlabs/common/validator/loop.go:10.23,12.4 1 1
github.com/kanthorlabs/common/validator/loop.go:13.3,13.13 1 1
github.com/kanthorlabs/common/validator/loop.go:17.65,18.22 1 1
github.com/kanthorlabs/common/validator/loop.go:18.22,19.24 1 1
github.com/kanthorlabs/common/validator/loop.go:19.24,21.4 1 1
github.com/kanthorlabs/common/validator/loop.go:22.3,22.13 1 1
github.com/kanthorlabs/common/validator/loop.go:26.71,27.22 1 1
github.com/kanthorlabs/common/validator/loop.go:27.22,28.20 1 1
github.com/kanthorlabs/common/validator/loop.go:28.20,30.4 1 1
github.com/kanthorlabs/common/validator/loop.go:31.3,31.23 1 1
github.com/kanthorlabs/common/validator/loop.go:31.23,33.4 1 1
github.com/kanthorlabs/common/validator/loop.go:34.3,34.13 1 1
github.com/kanthorlabs/common/validator/number.go:7.124,8.22 1 1
github.com/kanthorlabs/common/validator/number.go:8.22,9.22 1 1
github.com/kanthorlabs/common/validator/number.go:9.22,11.4 1 1
github.com/kanthorlabs/common/validator/number.go:12.3,12.13 1 1
github.com/kanthorlabs/common/validator/number.go:16.131,17.22 1 1
github.com/kanthorlabs/common/validator/number.go:17.22,18.21 1 1
github.com/kanthorlabs/common/validator/number.go:18.21,20.4 1 1
github.com/kanthorlabs/common/validator/number.go:21.3,21.13 1 1
github.com/kanthorlabs/common/validator/number.go:25.127,26.22 1 1
github.com/kanthorlabs/common/validator/number.go:26.22,27.22 1 1
github.com/kanthorlabs/common/validator/number.go:27.22,29.4 1 1
github.com/kanthorlabs/common/validator/number.go:30.3,30.13 1 1
github.com/kanthorlabs/common/validator/number.go:34.134,35.22 1 1
github.com/kanthorlabs/common/validator/number.go:35.22,36.21 1 1
github.com/kanthorlabs/common/validator/number.go:36.21,38.4 1 1
github.com/kanthorlabs/common/validator/number.go:39.3,39.13 1 1
github.com/kanthorlabs/common/validator/number.go:43.125,44.22 1 1
github.com/kanthorlabs/common/validator/number.go:44.22,45.18 1 1
github.com/kanthorlabs/common/validator/number.go:45.18,47.4 1 1
github.com/kanthorlabs/common/validator/number.go:48.3,48.18 1 1
github.com/kanthorlabs/common/validator/number.go:48.18,50.4 1 1
github.com/kanthorlabs/common/validator/number.go:51.3,51.13 1 1
github.com/kanthorlabs/common/validator/string.go:9.44,10.22 1 1
github.com/kanthorlabs/common/validator/string.go:10.22,11.37 1 1
github.com/kanthorlabs/common/validator/string.go:11.37,13.4 1 1
github.com/kanthorlabs/common/validator/string.go:14.3,14.13 1 1
github.com/kanthorlabs/common/validator/string.go:18.64,21.22 2 1
github.com/kanthorlabs/common/validator/string.go:21.22,22.18 1 1
github.com/kanthorlabs/common/validator/string.go:22.18,24.4 1 1
github.com/kanthorlabs/common/validator/string.go:26.3,26.36 1 1
github.com/kanthorlabs/common/validator/string.go:26.36,28.4 1 1
github.com/kanthorlabs/common/validator/string.go:30.3,30.13 1 1
github.com/kanthorlabs/common/validator/string.go:34.54,35.22 1 1
github.com/kanthorlabs/common/validator/string.go:35.22,36.55 1 1
github.com/kanthorlabs/common/validator/string.go:36.55,38.4 1 1
github.com/kanthorlabs/common/validator/string.go:39.3,39.75 1 1
github.com/kanthorlabs/common/validator/string.go:39.75,41.4 1 1
github.com/kanthorlabs/common/validator/string.go:42.3,42.13 1 1
github.com/kanthorlabs/common/validator/string.go:46.70,47.22 1 1
github.com/kanthorlabs/common/validator/string.go:47.22,48.27 1 1
github.com/kanthorlabs/common/validator/string.go:48.27,49.81 1 1
github.com/kanthorlabs/common/validator/string.go:49.81,51.5 1 1
github.com/kanthorlabs/common/validator/string.go:53.3,53.98 1 1
github.com/kanthorlabs/common/validator/string.go:57.39,58.22 1 1
github.com/kanthorlabs/common/validator/string.go:58.22,59.55 1 1
github.com/kanthorlabs/common/validator/string.go:59.55,61.4 1 1
github.com/kanthorlabs/common/validator/string.go:63.3,63.55 1 1
github.com/kanthorlabs/common/validator/string.go:63.55,65.4 1 1
github.com/kanthorlabs/common/validator/string.go:66.3,66.13 1 1
github.com/kanthorlabs/common/validator/string.go:70.53,71.22 1 1
github.com/kanthorlabs/common/validator/string.go:71.22,72.23 1 1
github.com/kanthorlabs/common/validator/string.go:72.23,74.4 1 1
github.com/kanthorlabs/common/validator/string.go:75.3,75.23 1 1
github.com/kanthorlabs/common/validator/string.go:75.23,77.4 1 1
github.com/kanthorlabs/common/validator/string.go:78.3,78.13 1 1
github.com/kanthorlabs/common/validator/string.go:82.63,83.22 1 1
github.com/kanthorlabs/common/validator/string.go:83.22,84.22 1 1
github.com/kanthorlabs/common/validator/string.go:84.22,86.4 1 1
github.com/kanthorlabs/common/validator/string.go:87.3,87.44 1 1
github.com/kanthorlabs/common/validator/string.go:91.57,93.26 2 1
github.com/kanthorlabs/common/validator/string.go:93.26,95.3 1 1
github.com/kanthorlabs/common/validator/string.go:97.2,97.22 1 1
github.com/kanthorlabs/common/validator/string.go:97.22,98.55 1 1
github.com/kanthorlabs/common/validator/string.go:98.55,100.4 1 1
github.com/kanthorlabs/common/validator/string.go:102.3,102.31 1 1
github.com/kanthorlabs/common/validator/string.go:102.31,104.4 1 1
github.com/kanthorlabs/common/validator/string.go:106.3,106.13 1 1
github.com/kanthorlabs/common/validator/validator.go:12.38,13.25 1 1
github.com/kanthorlabs/common/validator/validator.go:13.25,14.30 1 1
github.com/kanthorlabs/common/validator/validator.go:14.30,16.4 1 1
github.com/kanthorlabs/common/validator/validator.go:18.2,18.8 1 1
github.com/kanthorlabs/common/safe/map.go:11.26,12.20 1 1
github.com/kanthorlabs/common/safe/map.go:12.20,14.3 1 1
github.com/kanthorlabs/common/safe/map.go:17.44,25.2 5 1
github.com/kanthorlabs/common/safe/map.go:27.45,35.2 5 1
github.com/kanthorlabs/common/safe/map.go:37.30,39.2 1 1
github.com/kanthorlabs/common/safe/map.go:41.31,43.2 1 1
github.com/kanthorlabs/common/safe/map.go:45.39,47.2 1 1
github.com/kanthorlabs/common/safe/map.go:49.35,51.20 2 1
github.com/kanthorlabs/common/safe/map.go:51.20,52.28 1 1
github.com/kanthorlabs/common/safe/map.go:52.28,54.4 1 1
github.com/kanthorlabs/common/safe/map.go:56.2,56.13 1 1
github.com/kanthorlabs/common/safe/map.go:59.46,60.27 1 1
github.com/kanthorlabs/common/safe/map.go:60.27,62.3 1 1
github.com/kanthorlabs/common/safe/metadata.go:14.44,18.20 3 1
github.com/kanthorlabs/common/safe/metadata.go:18.20,20.3 1 1
github.com/kanthorlabs/common/safe/metadata.go:22.2,22.16 1 1
github.com/kanthorlabs/common/safe/metadata.go:25.49,29.20 3 1
github.com/kanthorlabs/common/safe/metadata.go:29.20,31.3 1 0
github.com/kanthorlabs/common/safe/metadata.go:33.2,34.15 2 1
github.com/kanthorlabs/common/safe/metadata.go:37.44,41.20 3 1
github.com/kanthorlabs/common/safe/metadata.go:41.20,43.3 1 1
github.com/kanthorlabs/common/safe/metadata.go:45.2,45.36 1 1
github.com/kanthorlabs/common/safe/metadata.go:45.36,47.3 1 1
github.com/kanthorlabs/common/safe/metadata.go:49.2,49.24 1 1
github.com/kanthorlabs/common/safe/metadata.go:49.24,51.3 1 1
github.com/kanthorlabs/common/safe/metadata.go:54.39,55.35 1 1
github.com/kanthorlabs/common/safe/metadata.go:55.35,57.3 1 1
github.com/kanthorlabs/common/safe/metadata.go:59.2,60.21 2 1
github.com/kanthorlabs/common/safe/metadata.go:64.53,66.35 1 1
github.com/kanthorlabs/common/safe/metadata.go:66.35,68.3 1 1
github.com/kanthorlabs/common/safe/metadata.go:69.2,70.26 2 1
github.com/kanthorlabs/common/safe/metadata.go:74.45,76.13 2 1
github.com/kanthorlabs/common/safe/metadata.go:76.13,78.3 1 1
github.com/kanthorlabs/common/safe/metadata.go:79.2,79.44 1 1
github.com/kanthorlabs/common/safe/slice.go:10.41,15.2 3 1
github.com/kanthorlabs/common/safe/slice.go:17.33,19.2 1 1
github.com/kanthorlabs/common/safe/slice.go:21.32,23.2 1 1
