mode: set
github.com/kanthorlabs/common/cache/config/config.go:9.38,13.2 1 1
github.com/kanthorlabs/common/cipher/password/password.go:6.46,8.16 2 1
github.com/kanthorlabs/common/cipher/password/password.go:8.16,10.3 1 1
github.com/kanthorlabs/common/cipher/password/password.go:12.2,12.26 1 1
github.com/kanthorlabs/common/cipher/password/password.go:16.45,18.2 1 1
github.com/kanthorlabs/common/cipher/signature/signature.go:13.13,16.2 2 1
github.com/kanthorlabs/common/cipher/signature/signature.go:20.36,23.32 2 1
github.com/kanthorlabs/common/cipher/signature/signature.go:23.32,26.3 2 1
github.com/kanthorlabs/common/cipher/signature/signature.go:28.2,28.51 1 1
github.com/kanthorlabs/common/cipher/signature/signature.go:34.48,36.28 2 1
github.com/kanthorlabs/common/cipher/signature/signature.go:36.28,38.21 2 1
github.com/kanthorlabs/common/cipher/signature/signature.go:38.21,39.12 1 1
github.com/kanthorlabs/common/cipher/signature/signature.go:42.3,43.13 2 1
github.com/kanthorlabs/common/cipher/signature/signature.go:43.13,44.12 1 1
github.com/kanthorlabs/common/cipher/signature/signature.go:47.3,48.17 2 1
github.com/kanthorlabs/common/cipher/signature/signature.go:48.17,50.4 1 1
github.com/kanthorlabs/common/cipher/signature/signature.go:53.2,53.55 1 1
github.com/kanthorlabs/common/cipher/signature/v1.go:13.52,18.2 3 1
github.com/kanthorlabs/common/cipher/signature/v1.go:20.62,23.47 2 1
github.com/kanthorlabs/common/cipher/signature/v1.go:23.47,25.3 1 1
github.com/kanthorlabs/common/cipher/signature/v1.go:27.2,27.58 1 1
github.com/kanthorlabs/common/circuitbreaker/circuitbreaker.go:9.78,11.2 1 1
github.com/kanthorlabs/common/circuitbreaker/gobreaker.go:16.87,17.40 1 1
github.com/kanthorlabs/common/circuitbreaker/gobreaker.go:17.40,19.3 1 1
github.com/kanthorlabs/common/circuitbreaker/gobreaker.go:21.2,23.16 3 1
github.com/kanthorlabs/common/circuitbreaker/gobreaker.go:23.16,25.3 1 0
github.com/kanthorlabs/common/circuitbreaker/gobreaker.go:27.2,31.8 1 1
github.com/kanthorlabs/common/circuitbreaker/gobreaker.go:41.86,45.16 3 1
github.com/kanthorlabs/common/circuitbreaker/gobreaker.go:45.16,47.3 1 1
github.com/kanthorlabs/common/circuitbreaker/gobreaker.go:49.2,49.18 1 1
github.com/kanthorlabs/common/circuitbreaker/gobreaker.go:52.83,53.45 1 1
github.com/kanthorlabs/common/circuitbreaker/gobreaker.go:53.45,55.3 1 1
github.com/kanthorlabs/common/circuitbreaker/gobreaker.go:57.2,66.51 1 1
github.com/kanthorlabs/common/circuitbreaker/gobreaker.go:66.51,67.78 1 1
github.com/kanthorlabs/common/circuitbreaker/gobreaker.go:67.78,70.5 2 1
github.com/kanthorlabs/common/circuitbreaker/gobreaker.go:72.4,74.62 3 1
github.com/kanthorlabs/common/circuitbreaker/gobreaker.go:74.62,77.5 2 1
github.com/kanthorlabs/common/circuitbreaker/gobreaker.go:79.4,79.16 1 1
github.com/kanthorlabs/common/circuitbreaker/gobreaker.go:81.77,83.4 1 1
github.com/kanthorlabs/common/circuitbreaker/gobreaker.go:84.38,86.4 1 1
github.com/kanthorlabs/common/circuitbreaker/gobreaker.go:89.2,90.16 2 1
github.com/kanthorlabs/common/circuitbreaker/gobreaker.go:93.42,94.50 1 1
github.com/kanthorlabs/common/circuitbreaker/gobreaker.go:94.50,96.3 1 0
github.com/kanthorlabs/common/circuitbreaker/gobreaker.go:97.2,97.44 1 1
github.com/kanthorlabs/common/circuitbreaker/gobreaker.go:97.44,99.3 1 1
github.com/kanthorlabs/common/circuitbreaker/gobreaker.go:100.2,100.12 1 1
github.com/kanthorlabs/common/circuitbreaker/utils.go:4.99,7.16 2 1
github.com/kanthorlabs/common/circuitbreaker/utils.go:7.16,9.3 1 1
github.com/kanthorlabs/common/circuitbreaker/utils.go:11.2,11.22 1 1
github.com/kanthorlabs/common/circuitbreaker/config/config.go:13.38,15.16 2 1
github.com/kanthorlabs/common/circuitbreaker/config/config.go:15.16,17.3 1 1
github.com/kanthorlabs/common/circuitbreaker/config/config.go:19.2,19.46 1 1
github.com/kanthorlabs/common/circuitbreaker/config/config.go:19.46,21.3 1 1
github.com/kanthorlabs/common/circuitbreaker/config/config.go:22.2,22.45 1 1
github.com/kanthorlabs/common/circuitbreaker/config/config.go:22.45,24.3 1 1
github.com/kanthorlabs/common/circuitbreaker/config/config.go:25.2,25.45 1 1
github.com/kanthorlabs/common/circuitbreaker/config/config.go:25.45,27.3 1 1
github.com/kanthorlabs/common/circuitbreaker/config/config.go:28.2,28.12 1 1
github.com/kanthorlabs/common/circuitbreaker/config/config.go:35.37,39.2 1 1
github.com/kanthorlabs/common/circuitbreaker/config/config.go:45.36,49.2 1 1
github.com/kanthorlabs/common/circuitbreaker/config/config.go:56.36,60.16 2 1
github.com/kanthorlabs/common/circuitbreaker/config/config.go:60.16,62.3 1 1
github.com/kanthorlabs/common/circuitbreaker/config/config.go:64.2,64.51 1 1
github.com/kanthorlabs/common/circuitbreaker/config/config.go:64.51,66.3 1 1
github.com/kanthorlabs/common/circuitbreaker/config/config.go:68.2,68.12 1 1
github.com/kanthorlabs/common/circuitbreaker/config/config.go:76.46,82.2 1 1
github.com/kanthorlabs/common/clock/clock.go:5.18,7.2 1 1
github.com/kanthorlabs/common/clock/clock.go:18.33,20.2 1 1
github.com/kanthorlabs/common/clock/clock.go:23.49,25.2 1 1
github.com/kanthorlabs/common/configuration/configuration.go:18.39,20.2 1 1
github.com/kanthorlabs/common/configuration/file.go:21.58,22.20 1 1
github.com/kanthorlabs/common/configuration/file.go:22.20,24.3 1 1
github.com/kanthorlabs/common/configuration/file.go:26.2,31.27 5 1
github.com/kanthorlabs/common/configuration/file.go:31.27,36.3 4 1
github.com/kanthorlabs/common/configuration/file.go:38.2,38.49 1 1
github.com/kanthorlabs/common/configuration/file.go:38.49,40.68 1 1
github.com/kanthorlabs/common/configuration/file.go:40.68,42.4 1 1
github.com/kanthorlabs/common/configuration/file.go:45.2,45.37 1 1
github.com/kanthorlabs/common/configuration/file.go:45.37,48.3 2 1
github.com/kanthorlabs/common/configuration/file.go:50.2,54.54 4 1
github.com/kanthorlabs/common/configuration/file.go:62.49,64.2 1 1
github.com/kanthorlabs/common/configuration/file.go:66.42,68.2 1 1
github.com/kanthorlabs/common/configuration/file.go:70.57,72.2 1 1
github.com/kanthorlabs/common/configuration/file.go:74.50,76.2 1 1
github.com/kanthorlabs/common/cache/cache.go:20.69,21.43 1 1
github.com/kanthorlabs/common/cache/cache.go:21.43,23.3 1 1
github.com/kanthorlabs/common/cache/cache.go:25.2,25.42 1 1
github.com/kanthorlabs/common/cache/cache.go:25.42,27.3 1 1
github.com/kanthorlabs/common/cache/cache.go:29.2,29.54 1 1
github.com/kanthorlabs/common/cache/memory.go:17.75,18.40 1 1
github.com/kanthorlabs/common/cache/memory.go:18.40,20.3 1 1
github.com/kanthorlabs/common/cache/memory.go:22.2,23.49 2 1
github.com/kanthorlabs/common/cache/memory.go:35.60,39.49 3 1
github.com/kanthorlabs/common/cache/memory.go:39.49,41.3 1 1
github.com/kanthorlabs/common/cache/memory.go:43.2,47.12 4 1
github.com/kanthorlabs/common/cache/memory.go:50.43,51.52 1 1
github.com/kanthorlabs/common/cache/memory.go:51.52,53.3 1 1
github.com/kanthorlabs/common/cache/memory.go:54.2,54.49 1 1
github.com/kanthorlabs/common/cache/memory.go:54.49,56.3 1 1
github.com/kanthorlabs/common/cache/memory.go:58.2,58.12 1 1
github.com/kanthorlabs/common/cache/memory.go:61.42,62.52 1 1
github.com/kanthorlabs/common/cache/memory.go:62.52,64.3 1 1
github.com/kanthorlabs/common/cache/memory.go:65.2,65.49 1 1
github.com/kanthorlabs/common/cache/memory.go:65.49,67.3 1 1
github.com/kanthorlabs/common/cache/memory.go:69.2,69.12 1 1
github.com/kanthorlabs/common/cache/memory.go:72.63,76.49 3 1
github.com/kanthorlabs/common/cache/memory.go:76.49,78.3 1 1
github.com/kanthorlabs/common/cache/memory.go:79.2,83.12 4 1
github.com/kanthorlabs/common/cache/memory.go:86.79,88.16 2 1
github.com/kanthorlabs/common/cache/memory.go:88.16,90.3 1 1
github.com/kanthorlabs/common/cache/memory.go:92.2,93.17 2 1
github.com/kanthorlabs/common/cache/memory.go:93.17,95.3 1 1
github.com/kanthorlabs/common/cache/memory.go:97.2,97.39 1 1
github.com/kanthorlabs/common/cache/memory.go:100.98,102.16 2 1
github.com/kanthorlabs/common/cache/memory.go:102.16,104.3 1 1
github.com/kanthorlabs/common/cache/memory.go:106.2,107.16 2 1
github.com/kanthorlabs/common/cache/memory.go:107.16,109.3 1 1
github.com/kanthorlabs/common/cache/memory.go:111.2,112.12 2 1
github.com/kanthorlabs/common/cache/memory.go:115.69,117.16 2 1
github.com/kanthorlabs/common/cache/memory.go:117.16,119.3 1 1
github.com/kanthorlabs/common/cache/memory.go:121.2,121.31 1 1
github.com/kanthorlabs/common/cache/memory.go:124.68,126.16 2 1
github.com/kanthorlabs/common/cache/memory.go:126.16,128.3 1 1
github.com/kanthorlabs/common/cache/memory.go:130.2,131.12 2 1
github.com/kanthorlabs/common/cache/memory.go:134.85,136.16 2 1
github.com/kanthorlabs/common/cache/memory.go:136.16,138.3 1 1
github.com/kanthorlabs/common/cache/memory.go:140.2,141.17 2 1
github.com/kanthorlabs/common/cache/memory.go:141.17,143.3 1 1
github.com/kanthorlabs/common/cache/memory.go:145.2,146.13 2 1
github.com/kanthorlabs/common/cache/memory.go:146.13,148.3 1 1
github.com/kanthorlabs/common/cache/memory.go:150.2,151.12 2 1
github.com/kanthorlabs/common/cache/redis.go:17.74,18.40 1 1
github.com/kanthorlabs/common/cache/redis.go:18.40,20.3 1 1
github.com/kanthorlabs/common/cache/redis.go:22.2,23.48 2 1
github.com/kanthorlabs/common/cache/redis.go:35.59,39.49 3 1
github.com/kanthorlabs/common/cache/redis.go:39.49,41.3 1 1
github.com/kanthorlabs/common/cache/redis.go:42.2,43.16 2 1
github.com/kanthorlabs/common/cache/redis.go:43.16,45.3 1 0
github.com/kanthorlabs/common/cache/redis.go:46.2,49.12 3 1
github.com/kanthorlabs/common/cache/redis.go:52.42,53.52 1 1
github.com/kanthorlabs/common/cache/redis.go:53.52,55.3 1 1
github.com/kanthorlabs/common/cache/redis.go:56.2,56.49 1 1
github.com/kanthorlabs/common/cache/redis.go:56.49,58.3 1 1
github.com/kanthorlabs/common/cache/redis.go:60.2,62.40 3 1
github.com/kanthorlabs/common/cache/redis.go:65.41,66.52 1 1
github.com/kanthorlabs/common/cache/redis.go:66.52,68.3 1 1
github.com/kanthorlabs/common/cache/redis.go:69.2,69.49 1 1
github.com/kanthorlabs/common/cache/redis.go:69.49,71.3 1 1
github.com/kanthorlabs/common/cache/redis.go:73.2,75.40 3 1
github.com/kanthorlabs/common/cache/redis.go:78.62,82.49 3 1
github.com/kanthorlabs/common/cache/redis.go:82.49,84.3 1 1
github.com/kanthorlabs/common/cache/redis.go:85.2,88.48 3 1
github.com/kanthorlabs/common/cache/redis.go:88.48,90.3 1 0
github.com/kanthorlabs/common/cache/redis.go:91.2,93.18 2 1
github.com/kanthorlabs/common/cache/redis.go:96.78,98.16 2 1
github.com/kanthorlabs/common/cache/redis.go:98.16,100.3 1 1
github.com/kanthorlabs/common/cache/redis.go:102.2,103.33 2 1
github.com/kanthorlabs/common/cache/redis.go:103.33,105.3 1 1
github.com/kanthorlabs/common/cache/redis.go:107.2,107.31 1 1
github.com/kanthorlabs/common/cache/redis.go:110.97,112.16 2 1
github.com/kanthorlabs/common/cache/redis.go:112.16,114.3 1 1
github.com/kanthorlabs/common/cache/redis.go:116.2,117.16 2 1
github.com/kanthorlabs/common/cache/redis.go:117.16,119.3 1 1
github.com/kanthorlabs/common/cache/redis.go:121.2,121.50 1 1
github.com/kanthorlabs/common/cache/redis.go:124.68,126.16 2 1
github.com/kanthorlabs/common/cache/redis.go:126.16,128.3 1 1
github.com/kanthorlabs/common/cache/redis.go:130.2,131.32 2 1
github.com/kanthorlabs/common/cache/redis.go:134.67,136.16 2 1
github.com/kanthorlabs/common/cache/redis.go:136.16,138.3 1 1
github.com/kanthorlabs/common/cache/redis.go:140.2,140.42 1 1
github.com/kanthorlabs/common/cache/redis.go:143.84,145.16 2 1
github.com/kanthorlabs/common/cache/redis.go:145.16,147.3 1 1
github.com/kanthorlabs/common/cache/redis.go:149.2,150.13 2 1
github.com/kanthorlabs/common/cache/redis.go:150.13,152.3 1 1
github.com/kanthorlabs/common/cache/redis.go:154.2,155.16 2 1
github.com/kanthorlabs/common/cache/redis.go:155.16,157.3 1 0
github.com/kanthorlabs/common/cache/redis.go:158.2,158.9 1 1
github.com/kanthorlabs/common/cache/redis.go:158.9,160.3 1 1
github.com/kanthorlabs/common/cache/redis.go:161.2,161.12 1 1
github.com/kanthorlabs/common/cache/serializer.go:10.37,11.14 1 1
github.com/kanthorlabs/common/cache/serializer.go:11.14,13.3 1 1
github.com/kanthorlabs/common/cache/serializer.go:15.2,17.16 3 1
github.com/kanthorlabs/common/cache/serializer.go:17.16,19.3 1 1
github.com/kanthorlabs/common/cache/serializer.go:21.2,21.19 1 1
github.com/kanthorlabs/common/cache/serializer.go:26.42,27.48 1 1
github.com/kanthorlabs/common/cache/serializer.go:27.48,29.3 1 1
github.com/kanthorlabs/common/cache/serializer.go:31.2,31.12 1 1
github.com/kanthorlabs/common/cache/utils.go:9.36,10.13 1 1
github.com/kanthorlabs/common/cache/utils.go:10.13,12.3 1 1
github.com/kanthorlabs/common/cache/utils.go:13.2,13.26 1 1
github.com/kanthorlabs/common/cache/utils.go:18.122,23.16 4 1
github.com/kanthorlabs/common/cache/utils.go:23.16,25.3 1 1
github.com/kanthorlabs/common/cache/utils.go:28.2,28.39 1 1
github.com/kanthorlabs/common/cache/utils.go:28.39,30.3 1 1
github.com/kanthorlabs/common/cache/utils.go:33.2,34.16 2 1
github.com/kanthorlabs/common/cache/utils.go:34.16,36.3 1 1
github.com/kanthorlabs/common/cache/utils.go:38.2,38.47 1 1
github.com/kanthorlabs/common/distributedlockmanager/config/config.go:10.38,15.2 1 1
github.com/kanthorlabs/common/distributedlockmanager/config/config.go:19.36,20.28 1 1
github.com/kanthorlabs/common/distributedlockmanager/config/config.go:20.28,22.3 1 1
github.com/kanthorlabs/common/gatekeeper/gatekeeper.go:13.74,15.2 1 1
github.com/kanthorlabs/common/gatekeeper/opa.go:20.77,21.40 1 1
github.com/kanthorlabs/common/gatekeeper/opa.go:21.40,23.3 1 1
github.com/kanthorlabs/common/gatekeeper/opa.go:25.2,28.16 3 1
github.com/kanthorlabs/common/gatekeeper/opa.go:28.16,30.3 1 0
github.com/kanthorlabs/common/gatekeeper/opa.go:32.2,32.62 1 1
github.com/kanthorlabs/common/gatekeeper/opa.go:48.57,52.49 3 1
github.com/kanthorlabs/common/gatekeeper/opa.go:52.49,54.3 1 1
github.com/kanthorlabs/common/gatekeeper/opa.go:56.2,56.53 1 1
github.com/kanthorlabs/common/gatekeeper/opa.go:56.53,58.3 1 1
github.com/kanthorlabs/common/gatekeeper/opa.go:60.2,61.89 2 1
github.com/kanthorlabs/common/gatekeeper/opa.go:61.89,63.3 1 0
github.com/kanthorlabs/common/gatekeeper/opa.go:65.2,66.16 2 1
github.com/kanthorlabs/common/gatekeeper/opa.go:66.16,68.3 1 1
github.com/kanthorlabs/common/gatekeeper/opa.go:69.2,72.16 3 1
github.com/kanthorlabs/common/gatekeeper/opa.go:72.16,74.3 1 1
github.com/kanthorlabs/common/gatekeeper/opa.go:75.2,78.12 3 1
github.com/kanthorlabs/common/gatekeeper/opa.go:81.40,82.52 1 1
github.com/kanthorlabs/common/gatekeeper/opa.go:82.52,84.3 1 1
github.com/kanthorlabs/common/gatekeeper/opa.go:85.2,85.49 1 1
github.com/kanthorlabs/common/gatekeeper/opa.go:85.49,87.3 1 0
github.com/kanthorlabs/common/gatekeeper/opa.go:89.2,89.36 1 1
github.com/kanthorlabs/common/gatekeeper/opa.go:92.39,93.52 1 0
github.com/kanthorlabs/common/gatekeeper/opa.go:93.52,95.3 1 0
github.com/kanthorlabs/common/gatekeeper/opa.go:96.2,96.49 1 0
github.com/kanthorlabs/common/gatekeeper/opa.go:96.49,98.3 1 0
github.com/kanthorlabs/common/gatekeeper/opa.go:100.2,100.35 1 0
github.com/kanthorlabs/common/gatekeeper/opa.go:103.60,107.49 3 1
github.com/kanthorlabs/common/gatekeeper/opa.go:107.49,109.3 1 1
github.com/kanthorlabs/common/gatekeeper/opa.go:110.2,112.40 2 1
github.com/kanthorlabs/common/gatekeeper/opa.go:115.88,116.71 1 1
github.com/kanthorlabs/common/gatekeeper/opa.go:116.71,118.3 1 1
github.com/kanthorlabs/common/gatekeeper/opa.go:120.2,120.63 1 1
github.com/kanthorlabs/common/gatekeeper/opa.go:120.63,122.3 1 1
github.com/kanthorlabs/common/gatekeeper/opa.go:124.2,134.17 3 1
github.com/kanthorlabs/common/gatekeeper/opa.go:137.89,138.72 1 1
github.com/kanthorlabs/common/gatekeeper/opa.go:138.72,140.3 1 1
github.com/kanthorlabs/common/gatekeeper/opa.go:142.2,148.21 2 1
github.com/kanthorlabs/common/gatekeeper/opa.go:148.21,150.3 1 0
github.com/kanthorlabs/common/gatekeeper/opa.go:152.2,152.26 1 1
github.com/kanthorlabs/common/gatekeeper/opa.go:152.26,154.3 1 1
github.com/kanthorlabs/common/gatekeeper/opa.go:156.2,156.12 1 1
github.com/kanthorlabs/common/gatekeeper/opa.go:160.123,161.73 1 1
github.com/kanthorlabs/common/gatekeeper/opa.go:161.73,163.3 1 0
github.com/kanthorlabs/common/gatekeeper/opa.go:164.2,164.46 1 1
github.com/kanthorlabs/common/gatekeeper/opa.go:164.46,166.3 1 1
github.com/kanthorlabs/common/gatekeeper/opa.go:168.2,174.21 3 1
github.com/kanthorlabs/common/gatekeeper/opa.go:174.21,176.3 1 0
github.com/kanthorlabs/common/gatekeeper/opa.go:178.2,178.26 1 1
github.com/kanthorlabs/common/gatekeeper/opa.go:178.26,180.3 1 1
github.com/kanthorlabs/common/gatekeeper/opa.go:182.2,182.50 1 1
github.com/kanthorlabs/common/gatekeeper/opa.go:185.89,193.21 3 1
github.com/kanthorlabs/common/gatekeeper/opa.go:193.21,195.3 1 0
github.com/kanthorlabs/common/gatekeeper/opa.go:197.2,198.39 2 1
github.com/kanthorlabs/common/gatekeeper/opa.go:198.39,199.51 1 1
github.com/kanthorlabs/common/gatekeeper/opa.go:199.51,201.12 2 1
github.com/kanthorlabs/common/gatekeeper/opa.go:204.3,204.78 1 1
github.com/kanthorlabs/common/gatekeeper/opa.go:207.2,208.29 2 1
github.com/kanthorlabs/common/gatekeeper/opa.go:208.29,213.3 1 1
github.com/kanthorlabs/common/gatekeeper/opa.go:215.2,215.19 1 1
github.com/kanthorlabs/common/gatekeeper/opa.go:218.95,225.21 3 1
github.com/kanthorlabs/common/gatekeeper/opa.go:225.21,227.3 1 0
github.com/kanthorlabs/common/gatekeeper/opa.go:229.2,230.39 2 1
github.com/kanthorlabs/common/gatekeeper/opa.go:230.39,231.49 1 1
github.com/kanthorlabs/common/gatekeeper/opa.go:231.49,233.12 2 1
github.com/kanthorlabs/common/gatekeeper/opa.go:236.3,236.74 1 1
github.com/kanthorlabs/common/gatekeeper/opa.go:239.2,240.27 2 1
github.com/kanthorlabs/common/gatekeeper/opa.go:240.27,245.3 1 1
github.com/kanthorlabs/common/gatekeeper/opa.go:247.2,247.21 1 1
github.com/kanthorlabs/common/gatekeeper/config/config.go:18.38,22.16 2 1
github.com/kanthorlabs/common/gatekeeper/config/config.go:22.16,24.3 1 1
github.com/kanthorlabs/common/gatekeeper/config/config.go:26.2,26.50 1 1
github.com/kanthorlabs/common/gatekeeper/config/config.go:26.50,28.3 1 1
github.com/kanthorlabs/common/gatekeeper/config/config.go:30.2,30.52 1 1
github.com/kanthorlabs/common/gatekeeper/config/config.go:30.52,32.3 1 1
github.com/kanthorlabs/common/gatekeeper/config/config.go:34.2,34.12 1 1
github.com/kanthorlabs/common/gatekeeper/config/config.go:41.43,46.2 1 1
github.com/kanthorlabs/common/gatekeeper/config/config.go:52.41,54.2 1 1
github.com/kanthorlabs/common/gatekeeper/config/helpers.go:20.90,23.39 2 1
github.com/kanthorlabs/common/gatekeeper/config/helpers.go:23.39,26.17 3 1
github.com/kanthorlabs/common/gatekeeper/config/helpers.go:26.17,28.4 1 1
github.com/kanthorlabs/common/gatekeeper/config/helpers.go:30.3,30.60 1 1
github.com/kanthorlabs/common/gatekeeper/config/helpers.go:30.60,32.4 1 1
github.com/kanthorlabs/common/gatekeeper/config/helpers.go:34.3,34.26 1 1
github.com/kanthorlabs/common/gatekeeper/config/helpers.go:37.2,37.41 1 1
github.com/kanthorlabs/common/gatekeeper/config/helpers.go:37.41,40.17 3 1
github.com/kanthorlabs/common/gatekeeper/config/helpers.go:40.17,42.4 1 1
github.com/kanthorlabs/common/gatekeeper/config/helpers.go:44.3,44.60 1 1
github.com/kanthorlabs/common/gatekeeper/config/helpers.go:44.60,46.4 1 1
github.com/kanthorlabs/common/gatekeeper/config/helpers.go:48.3,48.26 1 1
github.com/kanthorlabs/common/gatekeeper/config/helpers.go:51.2,51.44 1 1
github.com/kanthorlabs/common/gatekeeper/entities/evaluation.go:11.62,17.2 1 1
github.com/kanthorlabs/common/gatekeeper/entities/evaluation.go:19.63,24.2 1 1
github.com/kanthorlabs/common/gatekeeper/entities/evaluation.go:26.64,31.2 1 1
github.com/kanthorlabs/common/gatekeeper/entities/permission.go:15.48,20.2 1 1
github.com/kanthorlabs/common/gatekeeper/entities/privilege.go:19.48,21.2 1 1
github.com/kanthorlabs/common/gatekeeper/entities/privilege.go:23.46,29.2 1 1
github.com/kanthorlabs/common/gatekeeper/rego/rbac.go:22.96,24.16 2 1
github.com/kanthorlabs/common/gatekeeper/rego/rbac.go:24.16,26.3 1 1
github.com/kanthorlabs/common/gatekeeper/rego/rbac.go:28.2,35.16 2 1
github.com/kanthorlabs/common/gatekeeper/rego/rbac.go:35.16,37.3 1 0
github.com/kanthorlabs/common/gatekeeper/rego/rbac.go:39.2,39.86 1 1
github.com/kanthorlabs/common/gatekeeper/rego/rbac.go:39.86,45.17 3 1
github.com/kanthorlabs/common/gatekeeper/rego/rbac.go:45.17,47.4 1 0
github.com/kanthorlabs/common/gatekeeper/rego/rbac.go:49.3,49.25 1 1
github.com/kanthorlabs/common/gatekeeper/rego/rbac.go:49.25,51.4 1 1
github.com/kanthorlabs/common/gatekeeper/rego/rbac.go:53.3,53.13 1 1
github.com/kanthorlabs/common/gatekeeper/rego/storage.go:12.82,13.27 1 1
github.com/kanthorlabs/common/gatekeeper/rego/storage.go:13.27,15.3 1 1
github.com/kanthorlabs/common/gatekeeper/rego/storage.go:17.2,17.32 1 1
github.com/kanthorlabs/common/gatekeeper/rego/storage.go:17.32,18.36 1 1
github.com/kanthorlabs/common/gatekeeper/rego/storage.go:18.36,19.58 1 1
github.com/kanthorlabs/common/gatekeeper/rego/storage.go:19.58,21.5 1 1
github.com/kanthorlabs/common/gatekeeper/rego/storage.go:25.2,29.39 2 1
github.com/kanthorlabs/common/gateway/gateway.go:20.71,21.40 1 1
github.com/kanthorlabs/common/gateway/gateway.go:21.40,23.3 1 1
github.com/kanthorlabs/common/gateway/gateway.go:25.2,26.45 2 1
github.com/kanthorlabs/common/gateway/gateway.go:38.53,42.46 3 1
github.com/kanthorlabs/common/gateway/gateway.go:42.46,44.3 1 1
github.com/kanthorlabs/common/gateway/gateway.go:45.2,47.12 2 1
github.com/kanthorlabs/common/gateway/gateway.go:50.52,54.46 3 1
github.com/kanthorlabs/common/gateway/gateway.go:54.46,56.3 1 1
github.com/kanthorlabs/common/gateway/gateway.go:57.2,60.26 3 1
github.com/kanthorlabs/common/gateway/gateway.go:60.26,61.53 1 1
github.com/kanthorlabs/common/gateway/gateway.go:61.53,63.4 1 0
github.com/kanthorlabs/common/gateway/gateway.go:66.2,66.18 1 1
github.com/kanthorlabs/common/gateway/gateway.go:69.51,70.26 1 1
github.com/kanthorlabs/common/gateway/gateway.go:70.26,73.3 2 1
github.com/kanthorlabs/common/gateway/gateway.go:75.2,75.25 1 1
github.com/kanthorlabs/common/gateway/gateway.go:78.28,80.47 2 1
github.com/kanthorlabs/common/gateway/gateway.go:80.47,82.3 1 0
github.com/kanthorlabs/common/gateway/gateway.go:85.56,89.26 3 1
github.com/kanthorlabs/common/gateway/gateway.go:89.26,91.3 1 1
github.com/kanthorlabs/common/gateway/gateway.go:93.2,97.12 2 1
github.com/kanthorlabs/common/gateway/config/config.go:13.38,18.16 2 1
github.com/kanthorlabs/common/gateway/config/config.go:18.16,20.3 1 1
github.com/kanthorlabs/common/gateway/config/config.go:22.2,22.45 1 1
github.com/kanthorlabs/common/gateway/config/config.go:22.45,24.3 1 1
github.com/kanthorlabs/common/gateway/config/config.go:26.2,26.12 1 0
github.com/kanthorlabs/common/gateway/config/config.go:38.36,42.2 1 1
github.com/kanthorlabs/common/gateway/httpx/handlers.go:11.54,12.71 1 1
github.com/kanthorlabs/common/gateway/httpx/handlers.go:12.71,13.33 1 1
github.com/kanthorlabs/common/gateway/httpx/handlers.go:13.33,16.4 2 1
github.com/kanthorlabs/common/gateway/httpx/handlers.go:18.3,18.81 1 1
github.com/kanthorlabs/common/gateway/httpx/handlers.go:22.36,23.71 1 1
github.com/kanthorlabs/common/gateway/httpx/handlers.go:23.71,25.3 1 0
github.com/kanthorlabs/common/gateway/httpx/httpx.go:18.69,19.40 1 1
github.com/kanthorlabs/common/gateway/httpx/httpx.go:19.40,21.3 1 1
github.com/kanthorlabs/common/gateway/httpx/httpx.go:23.2,37.15 7 1
github.com/kanthorlabs/common/distributedlockmanager/distributedlockmanager.go:18.63,19.43 1 1
github.com/kanthorlabs/common/distributedlockmanager/distributedlockmanager.go:19.43,21.3 1 1
github.com/kanthorlabs/common/distributedlockmanager/distributedlockmanager.go:23.2,23.42 1 1
github.com/kanthorlabs/common/distributedlockmanager/distributedlockmanager.go:23.42,25.3 1 1
github.com/kanthorlabs/common/distributedlockmanager/distributedlockmanager.go:27.2,27.73 1 1
github.com/kanthorlabs/common/distributedlockmanager/memory.go:14.69,15.40 1 1
github.com/kanthorlabs/common/distributedlockmanager/memory.go:15.40,17.3 1 1
github.com/kanthorlabs/common/distributedlockmanager/memory.go:19.2,20.22 2 1
github.com/kanthorlabs/common/distributedlockmanager/memory.go:32.60,36.49 3 1
github.com/kanthorlabs/common/distributedlockmanager/memory.go:36.49,38.3 1 1
github.com/kanthorlabs/common/distributedlockmanager/memory.go:40.2,45.12 5 1
github.com/kanthorlabs/common/distributedlockmanager/memory.go:48.43,49.52 1 1
github.com/kanthorlabs/common/distributedlockmanager/memory.go:49.52,51.3 1 1
github.com/kanthorlabs/common/distributedlockmanager/memory.go:52.2,52.49 1 1
github.com/kanthorlabs/common/distributedlockmanager/memory.go:52.49,54.3 1 1
github.com/kanthorlabs/common/distributedlockmanager/memory.go:56.2,56.12 1 1
github.com/kanthorlabs/common/distributedlockmanager/memory.go:59.42,60.52 1 1
github.com/kanthorlabs/common/distributedlockmanager/memory.go:60.52,62.3 1 1
github.com/kanthorlabs/common/distributedlockmanager/memory.go:63.2,63.49 1 1
github.com/kanthorlabs/common/distributedlockmanager/memory.go:63.49,65.3 1 1
github.com/kanthorlabs/common/distributedlockmanager/memory.go:67.2,67.12 1 1
github.com/kanthorlabs/common/distributedlockmanager/memory.go:70.63,74.49 3 1
github.com/kanthorlabs/common/distributedlockmanager/memory.go:74.49,76.3 1 1
github.com/kanthorlabs/common/distributedlockmanager/memory.go:77.2,81.12 4 1
github.com/kanthorlabs/common/distributedlockmanager/memory.go:84.106,86.16 2 1
github.com/kanthorlabs/common/distributedlockmanager/memory.go:86.16,88.3 1 1
github.com/kanthorlabs/common/distributedlockmanager/memory.go:90.2,91.27 2 1
github.com/kanthorlabs/common/distributedlockmanager/memory.go:91.27,93.3 1 1
github.com/kanthorlabs/common/distributedlockmanager/memory.go:95.2,95.28 1 1
github.com/kanthorlabs/common/distributedlockmanager/memory.go:95.28,97.3 1 1
github.com/kanthorlabs/common/distributedlockmanager/memory.go:99.2,102.57 3 1
github.com/kanthorlabs/common/distributedlockmanager/memory.go:110.66,111.42 1 1
github.com/kanthorlabs/common/distributedlockmanager/memory.go:111.42,113.3 1 1
github.com/kanthorlabs/common/distributedlockmanager/memory.go:115.2,116.12 2 1
github.com/kanthorlabs/common/distributedlockmanager/redlock.go:18.70,19.40 1 1
github.com/kanthorlabs/common/distributedlockmanager/redlock.go:19.40,21.3 1 1
github.com/kanthorlabs/common/distributedlockmanager/redlock.go:23.2,23.34 1 1
github.com/kanthorlabs/common/distributedlockmanager/redlock.go:35.61,39.49 3 1
github.com/kanthorlabs/common/distributedlockmanager/redlock.go:39.49,41.3 1 1
github.com/kanthorlabs/common/distributedlockmanager/redlock.go:43.2,44.16 2 1
github.com/kanthorlabs/common/distributedlockmanager/redlock.go:44.16,46.3 1 1
github.com/kanthorlabs/common/distributedlockmanager/redlock.go:48.2,52.12 4 1
github.com/kanthorlabs/common/distributedlockmanager/redlock.go:55.44,56.52 1 1
github.com/kanthorlabs/common/distributedlockmanager/redlock.go:56.52,58.3 1 1
github.com/kanthorlabs/common/distributedlockmanager/redlock.go:59.2,59.49 1 1
github.com/kanthorlabs/common/distributedlockmanager/redlock.go:59.49,61.3 1 1
github.com/kanthorlabs/common/distributedlockmanager/redlock.go:63.2,65.40 3 1
github.com/kanthorlabs/common/distributedlockmanager/redlock.go:68.43,69.52 1 1
github.com/kanthorlabs/common/distributedlockmanager/redlock.go:69.52,71.3 1 1
github.com/kanthorlabs/common/distributedlockmanager/redlock.go:72.2,72.49 1 1
github.com/kanthorlabs/common/distributedlockmanager/redlock.go:72.49,74.3 1 1
github.com/kanthorlabs/common/distributedlockmanager/redlock.go:76.2,78.40 3 1
github.com/kanthorlabs/common/distributedlockmanager/redlock.go:81.64,85.49 3 1
github.com/kanthorlabs/common/distributedlockmanager/redlock.go:85.49,87.3 1 1
github.com/kanthorlabs/common/distributedlockmanager/redlock.go:88.2,91.48 3 1
github.com/kanthorlabs/common/distributedlockmanager/redlock.go:91.48,93.3 1 1
github.com/kanthorlabs/common/distributedlockmanager/redlock.go:94.2,96.18 2 1
github.com/kanthorlabs/common/distributedlockmanager/redlock.go:99.102,101.16 2 1
github.com/kanthorlabs/common/distributedlockmanager/redlock.go:101.16,103.3 1 1
github.com/kanthorlabs/common/distributedlockmanager/redlock.go:105.2,106.27 2 1
github.com/kanthorlabs/common/distributedlockmanager/redlock.go:106.27,108.3 1 1
github.com/kanthorlabs/common/distributedlockmanager/redlock.go:110.2,111.44 2 1
github.com/kanthorlabs/common/distributedlockmanager/redlock.go:111.44,113.3 1 1
github.com/kanthorlabs/common/distributedlockmanager/redlock.go:114.2,114.40 1 1
github.com/kanthorlabs/common/distributedlockmanager/redlock.go:122.66,124.23 2 1
github.com/kanthorlabs/common/distributedlockmanager/redlock.go:124.23,126.3 1 1
github.com/kanthorlabs/common/distributedlockmanager/redlock.go:128.2,128.12 1 1
github.com/kanthorlabs/common/distributedlockmanager/utils.go:3.36,4.13 1 1
github.com/kanthorlabs/common/distributedlockmanager/utils.go:4.13,6.3 1 1
github.com/kanthorlabs/common/distributedlockmanager/utils.go:7.2,7.24 1 1
github.com/kanthorlabs/common/gateway/httpx/writer/error.go:3.25,5.2 1 1
github.com/kanthorlabs/common/gateway/httpx/writer/error.go:7.36,9.2 1 1
github.com/kanthorlabs/common/gateway/httpx/writer/writer.go:12.57,16.2 3 1
github.com/kanthorlabs/common/gateway/httpx/writer/writer.go:18.42,20.2 1 1
github.com/kanthorlabs/common/gateway/httpx/writer/writer.go:22.47,24.2 1 1
github.com/kanthorlabs/common/gateway/httpx/writer/writer.go:26.53,28.2 1 1
github.com/kanthorlabs/common/gateway/httpx/writer/writer.go:30.51,32.2 1 1
github.com/kanthorlabs/common/gateway/httpx/writer/writer.go:34.55,36.2 1 1
github.com/kanthorlabs/common/gateway/httpx/writer/writer.go:38.51,40.2 1 1
github.com/kanthorlabs/common/gateway/httpx/writer/writer.go:42.50,44.2 1 1
github.com/kanthorlabs/common/gateway/httpx/middleware/authn.go:19.65,20.46 1 1
github.com/kanthorlabs/common/gateway/httpx/middleware/authn.go:20.46,21.72 1 1
github.com/kanthorlabs/common/gateway/httpx/middleware/authn.go:21.72,25.20 3 1
github.com/kanthorlabs/common/gateway/httpx/middleware/authn.go:25.20,27.5 1 1
github.com/kanthorlabs/common/gateway/httpx/middleware/authn.go:29.4,30.18 2 1
github.com/kanthorlabs/common/gateway/httpx/middleware/authn.go:30.18,33.5 2 1
github.com/kanthorlabs/common/gateway/httpx/middleware/authn.go:35.4,36.18 2 1
github.com/kanthorlabs/common/gateway/httpx/middleware/authn.go:36.18,39.5 2 1
github.com/kanthorlabs/common/gateway/httpx/middleware/authn.go:41.4,42.41 2 1
github.com/kanthorlabs/common/gateway/httpx/middleware/authn.go:47.91,48.69 1 1
github.com/kanthorlabs/common/gateway/httpx/middleware/authn.go:48.69,50.10 2 1
github.com/kanthorlabs/common/gateway/httpx/middleware/authn.go:50.10,52.4 1 1
github.com/kanthorlabs/common/gateway/httpx/middleware/authn.go:53.3,53.76 1 1
github.com/kanthorlabs/common/gateway/httpx/middleware/authn.go:56.2,56.62 1 1
github.com/kanthorlabs/common/gateway/httpx/middleware/authz.go:20.66,21.46 1 1
github.com/kanthorlabs/common/gateway/httpx/middleware/authz.go:21.46,22.72 1 1
github.com/kanthorlabs/common/gateway/httpx/middleware/authz.go:22.72,25.14 3 1
github.com/kanthorlabs/common/gateway/httpx/middleware/authz.go:25.14,28.5 2 1
github.com/kanthorlabs/common/gateway/httpx/middleware/authz.go:30.4,31.20 2 1
github.com/kanthorlabs/common/gateway/httpx/middleware/authz.go:31.20,34.5 2 1
github.com/kanthorlabs/common/gateway/httpx/middleware/authz.go:36.4,37.26 2 1
github.com/kanthorlabs/common/gateway/httpx/middleware/authz.go:37.26,40.5 2 1
github.com/kanthorlabs/common/gateway/httpx/middleware/authz.go:42.4,42.28 1 1
github.com/kanthorlabs/common/gateway/httpx/middleware/authz.go:42.28,52.19 4 1
github.com/kanthorlabs/common/gateway/httpx/middleware/authz.go:52.19,55.6 2 1
github.com/kanthorlabs/common/gateway/httpx/middleware/authz.go:58.4,59.41 2 1
github.com/kanthorlabs/common/gateway/httpx/middleware/authz.go:64.65,66.25 1 1
github.com/kanthorlabs/common/gateway/httpx/middleware/authz.go:66.25,68.10 2 1
github.com/kanthorlabs/common/gateway/httpx/middleware/authz.go:68.10,70.4 1 1
github.com/kanthorlabs/common/gateway/httpx/middleware/authz.go:73.2,73.40 1 1
github.com/kanthorlabs/common/gateway/httpx/middleware/authz.go:76.43,77.17 1 1
github.com/kanthorlabs/common/gateway/httpx/middleware/authz.go:77.17,79.3 1 1
github.com/kanthorlabs/common/gateway/httpx/middleware/authz.go:81.2,81.46 1 0
github.com/kanthorlabs/common/gateway/httpx/middleware/idempotency.go:17.73,18.46 1 1
github.com/kanthorlabs/common/gateway/httpx/middleware/idempotency.go:18.46,19.72 1 1
github.com/kanthorlabs/common/gateway/httpx/middleware/idempotency.go:19.72,20.14 1 1
github.com/kanthorlabs/common/gateway/httpx/middleware/idempotency.go:20.14,23.5 2 1
github.com/kanthorlabs/common/gateway/httpx/middleware/idempotency.go:25.4,26.17 2 1
github.com/kanthorlabs/common/gateway/httpx/middleware/idempotency.go:26.17,29.5 2 1
github.com/kanthorlabs/common/gateway/httpx/middleware/idempotency.go:31.4,34.43 3 1
github.com/kanthorlabs/common/gateway/httpx/middleware/idempotency.go:34.43,35.52 1 1
github.com/kanthorlabs/common/gateway/httpx/middleware/idempotency.go:35.52,38.6 2 1
github.com/kanthorlabs/common/gateway/httpx/middleware/idempotency.go:41.4,41.41 1 1
github.com/kanthorlabs/common/gateway/httpx/middleware/logger.go:12.47,13.46 1 1
github.com/kanthorlabs/common/gateway/httpx/middleware/logger.go:13.46,14.72 1 1
github.com/kanthorlabs/common/gateway/httpx/middleware/logger.go:14.72,17.17 2 1
github.com/kanthorlabs/common/gateway/httpx/middleware/logger.go:17.17,25.54 2 1
github.com/kanthorlabs/common/gateway/httpx/middleware/logger.go:25.54,27.23 2 1
github.com/kanthorlabs/common/gateway/httpx/middleware/logger.go:27.23,29.7 1 1
github.com/kanthorlabs/common/gateway/httpx/middleware/logger.go:31.6,33.12 3 1
github.com/kanthorlabs/common/gateway/httpx/middleware/logger.go:36.5,36.46 1 1
github.com/kanthorlabs/common/gateway/httpx/middleware/logger.go:39.4,39.25 1 1
github.com/kanthorlabs/common/gateway/httpx/middleware/recover.go:5.27,7.2 1 0
github.com/kanthorlabs/common/healthcheck/config/config.go:21.38,29.2 1 1
github.com/kanthorlabs/common/healthcheck/config/config.go:31.42,37.2 1 1
github.com/kanthorlabs/common/idempotency/idempotency.go:19.75,20.43 1 1
github.com/kanthorlabs/common/idempotency/idempotency.go:20.43,22.3 1 1
github.com/kanthorlabs/common/idempotency/idempotency.go:24.2,24.42 1 1
github.com/kanthorlabs/common/idempotency/idempotency.go:24.42,26.3 1 1
github.com/kanthorlabs/common/idempotency/idempotency.go:28.2,28.60 1 1
github.com/kanthorlabs/common/idempotency/memory.go:15.81,16.40 1 1
github.com/kanthorlabs/common/idempotency/memory.go:16.40,18.3 1 1
github.com/kanthorlabs/common/idempotency/memory.go:20.2,21.49 2 1
github.com/kanthorlabs/common/idempotency/memory.go:33.60,37.49 3 1
github.com/kanthorlabs/common/idempotency/memory.go:37.49,39.3 1 1
github.com/kanthorlabs/common/idempotency/memory.go:41.2,45.12 4 1
github.com/kanthorlabs/common/idempotency/memory.go:48.43,49.52 1 1
github.com/kanthorlabs/common/idempotency/memory.go:49.52,51.3 1 1
github.com/kanthorlabs/common/idempotency/memory.go:52.2,52.49 1 1
github.com/kanthorlabs/common/idempotency/memory.go:52.49,54.3 1 1
github.com/kanthorlabs/common/idempotency/memory.go:56.2,56.12 1 1
github.com/kanthorlabs/common/idempotency/memory.go:59.42,60.52 1 1
github.com/kanthorlabs/common/idempotency/memory.go:60.52,62.3 1 1
github.com/kanthorlabs/common/idempotency/memory.go:63.2,63.49 1 1
github.com/kanthorlabs/common/idempotency/memory.go:63.49,65.3 1 1
github.com/kanthorlabs/common/idempotency/memory.go:67.2,67.12 1 1
github.com/kanthorlabs/common/idempotency/memory.go:70.63,74.49 3 1
github.com/kanthorlabs/common/idempotency/memory.go:74.49,76.3 1 1
github.com/kanthorlabs/common/idempotency/memory.go:77.2,81.12 4 1
github.com/kanthorlabs/common/idempotency/memory.go:84.73,86.16 2 1
github.com/kanthorlabs/common/idempotency/memory.go:86.16,88.3 1 1
github.com/kanthorlabs/common/idempotency/memory.go:90.2,90.28 1 1
github.com/kanthorlabs/common/idempotency/memory.go:90.28,92.3 1 1
github.com/kanthorlabs/common/idempotency/memory.go:94.2,96.12 3 1
github.com/kanthorlabs/common/idempotency/redis.go:16.80,17.40 1 1
github.com/kanthorlabs/common/idempotency/redis.go:17.40,19.3 1 1
github.com/kanthorlabs/common/idempotency/redis.go:21.2,22.48 2 1
github.com/kanthorlabs/common/idempotency/redis.go:35.42,36.52 1 1
github.com/kanthorlabs/common/idempotency/redis.go:36.52,38.3 1 1
github.com/kanthorlabs/common/idempotency/redis.go:39.2,39.49 1 1
github.com/kanthorlabs/common/idempotency/redis.go:39.49,41.3 1 1
github.com/kanthorlabs/common/idempotency/redis.go:43.2,45.40 3 1
github.com/kanthorlabs/common/idempotency/redis.go:48.41,49.52 1 1
github.com/kanthorlabs/common/idempotency/redis.go:49.52,51.3 1 1
github.com/kanthorlabs/common/idempotency/redis.go:52.2,52.49 1 1
github.com/kanthorlabs/common/idempotency/redis.go:52.49,54.3 1 1
github.com/kanthorlabs/common/idempotency/redis.go:56.2,58.40 3 1
github.com/kanthorlabs/common/idempotency/redis.go:61.59,65.49 3 1
github.com/kanthorlabs/common/idempotency/redis.go:65.49,67.3 1 1
github.com/kanthorlabs/common/idempotency/redis.go:68.2,69.16 2 1
github.com/kanthorlabs/common/idempotency/redis.go:69.16,71.3 1 0
github.com/kanthorlabs/common/idempotency/redis.go:72.2,75.12 3 1
github.com/kanthorlabs/common/idempotency/redis.go:78.62,82.49 3 1
github.com/kanthorlabs/common/idempotency/redis.go:82.49,84.3 1 1
github.com/kanthorlabs/common/idempotency/redis.go:85.2,88.48 3 1
github.com/kanthorlabs/common/idempotency/redis.go:88.48,90.3 1 0
github.com/kanthorlabs/common/idempotency/redis.go:91.2,93.18 2 1
github.com/kanthorlabs/common/idempotency/redis.go:96.72,98.16 2 1
github.com/kanthorlabs/common/idempotency/redis.go:98.16,100.3 1 1
github.com/kanthorlabs/common/idempotency/redis.go:102.2,106.77 2 1
github.com/kanthorlabs/common/idempotency/redis.go:106.77,110.3 3 1
github.com/kanthorlabs/common/idempotency/redis.go:111.2,111.34 1 1
github.com/kanthorlabs/common/idempotency/redis.go:111.34,113.3 1 1
github.com/kanthorlabs/common/idempotency/redis.go:114.2,114.12 1 1
github.com/kanthorlabs/common/idempotency/utils.go:3.36,4.13 1 1
github.com/kanthorlabs/common/idempotency/utils.go:4.13,6.3 1 1
github.com/kanthorlabs/common/idempotency/utils.go:7.2,7.32 1 1
github.com/kanthorlabs/common/idempotency/config/config.go:10.38,15.2 1 1
github.com/kanthorlabs/common/idx/compare.go:15.37,17.16 2 1
github.com/kanthorlabs/common/idx/compare.go:17.16,18.13 1 0
github.com/kanthorlabs/common/idx/compare.go:20.2,20.27 1 1
github.com/kanthorlabs/common/idx/compare.go:24.36,26.16 2 1
github.com/kanthorlabs/common/idx/compare.go:26.16,27.13 1 0
github.com/kanthorlabs/common/idx/compare.go:29.2,29.34 1 1
github.com/kanthorlabs/common/idx/idx.go:12.28,14.2 1 1
github.com/kanthorlabs/common/idx/idx.go:16.34,18.2 1 1
github.com/kanthorlabs/common/idx/idx.go:20.46,24.2 2 1
github.com/kanthorlabs/common/idx/idx.go:26.45,28.24 2 1
github.com/kanthorlabs/common/idx/idx.go:28.24,30.3 1 1
github.com/kanthorlabs/common/idx/idx.go:32.2,33.16 2 1
github.com/kanthorlabs/common/idx/idx.go:33.16,35.3 1 1
github.com/kanthorlabs/common/idx/idx.go:37.2,37.23 1 1
github.com/kanthorlabs/common/healthcheck/background/client.go:13.65,14.40 1 1
github.com/kanthorlabs/common/healthcheck/background/client.go:14.40,16.3 1 1
github.com/kanthorlabs/common/healthcheck/background/client.go:18.2,18.33 1 1
github.com/kanthorlabs/common/healthcheck/background/client.go:25.47,30.21 4 1
github.com/kanthorlabs/common/healthcheck/background/client.go:30.21,32.44 2 1
github.com/kanthorlabs/common/healthcheck/background/client.go:32.44,34.4 1 1
github.com/kanthorlabs/common/healthcheck/background/client.go:36.3,37.17 2 1
github.com/kanthorlabs/common/healthcheck/background/client.go:37.17,38.12 1 1
github.com/kanthorlabs/common/healthcheck/background/client.go:41.3,42.9 2 1
github.com/kanthorlabs/common/healthcheck/background/client.go:45.2,45.8 1 0
github.com/kanthorlabs/common/healthcheck/background/client.go:48.46,54.21 5 1
github.com/kanthorlabs/common/healthcheck/background/client.go:54.21,56.43 2 1
github.com/kanthorlabs/common/healthcheck/background/client.go:56.43,58.4 1 1
github.com/kanthorlabs/common/healthcheck/background/client.go:60.3,61.17 2 1
github.com/kanthorlabs/common/healthcheck/background/client.go:61.17,62.12 1 1
github.com/kanthorlabs/common/healthcheck/background/client.go:65.3,66.19 2 1
github.com/kanthorlabs/common/healthcheck/background/client.go:66.19,68.12 2 1
github.com/kanthorlabs/common/healthcheck/background/client.go:71.3,72.9 2 1
github.com/kanthorlabs/common/healthcheck/background/client.go:75.2,75.8 1 0
github.com/kanthorlabs/common/healthcheck/background/client.go:78.56,81.16 3 1
github.com/kanthorlabs/common/healthcheck/background/client.go:81.16,83.3 1 1
github.com/kanthorlabs/common/healthcheck/background/client.go:85.2,86.16 2 1
github.com/kanthorlabs/common/healthcheck/background/client.go:86.16,88.3 1 1
github.com/kanthorlabs/common/healthcheck/background/client.go:90.2,91.24 2 1
github.com/kanthorlabs/common/healthcheck/background/server.go:16.65,17.40 1 1
github.com/kanthorlabs/common/healthcheck/background/server.go:17.40,19.3 1 1
github.com/kanthorlabs/common/healthcheck/background/server.go:21.2,24.8 1 1
github.com/kanthorlabs/common/healthcheck/background/server.go:33.58,35.2 1 1
github.com/kanthorlabs/common/healthcheck/background/server.go:37.61,40.2 2 1
github.com/kanthorlabs/common/healthcheck/background/server.go:42.59,43.32 1 1
github.com/kanthorlabs/common/healthcheck/background/server.go:43.32,45.3 1 1
github.com/kanthorlabs/common/healthcheck/background/server.go:46.2,46.48 1 1
github.com/kanthorlabs/common/healthcheck/background/server.go:46.48,48.3 1 1
github.com/kanthorlabs/common/healthcheck/background/server.go:50.2,50.12 1 1
github.com/kanthorlabs/common/healthcheck/background/server.go:53.58,57.6 3 1
github.com/kanthorlabs/common/healthcheck/background/server.go:57.6,58.10 1 1
github.com/kanthorlabs/common/healthcheck/background/server.go:59.28,60.14 1 1
github.com/kanthorlabs/common/healthcheck/background/server.go:61.19,62.34 1 1
github.com/kanthorlabs/common/healthcheck/background/server.go:62.34,64.5 1 1
github.com/kanthorlabs/common/healthcheck/background/server.go:65.4,65.49 1 1
github.com/kanthorlabs/common/healthcheck/background/server.go:65.49,67.5 1 1
github.com/kanthorlabs/common/healthcheck/background/server.go:72.48,77.2 3 1
github.com/kanthorlabs/common/passport/config/ask.go:12.35,15.75 1 1
github.com/kanthorlabs/common/passport/config/ask.go:15.75,17.4 1 1
github.com/kanthorlabs/common/passport/config/config.go:9.38,12.74 1 1
github.com/kanthorlabs/common/passport/config/config.go:12.74,14.4 1 1
github.com/kanthorlabs/common/passport/config/durability.go:11.42,13.2 1 1
github.com/kanthorlabs/common/passport/config/strategy.go:20.40,25.16 2 1
github.com/kanthorlabs/common/passport/config/strategy.go:25.16,27.3 1 1
github.com/kanthorlabs/common/passport/config/strategy.go:29.2,29.30 1 1
github.com/kanthorlabs/common/passport/config/strategy.go:29.30,30.45 1 1
github.com/kanthorlabs/common/passport/config/strategy.go:30.45,32.4 1 1
github.com/kanthorlabs/common/passport/config/strategy.go:35.2,35.37 1 1
github.com/kanthorlabs/common/passport/config/strategy.go:35.37,36.52 1 1
github.com/kanthorlabs/common/passport/config/strategy.go:36.52,38.4 1 1
github.com/kanthorlabs/common/passport/config/strategy.go:41.2,41.12 1 0
github.com/kanthorlabs/common/passport/entities/account.go:21.40,23.2 1 1
github.com/kanthorlabs/common/passport/entities/account.go:25.38,33.2 1 1
github.com/kanthorlabs/common/passport/entities/account.go:35.39,46.2 3 1
github.com/kanthorlabs/common/passport/entities/account.go:48.52,49.28 1 1
github.com/kanthorlabs/common/passport/entities/account.go:49.28,51.3 1 1
github.com/kanthorlabs/common/passport/entities/account.go:52.2,52.52 1 1
github.com/kanthorlabs/common/passport/entities/credentials.go:10.55,11.77 1 1
github.com/kanthorlabs/common/passport/entities/credentials.go:11.77,13.3 1 1
github.com/kanthorlabs/common/passport/entities/credentials.go:14.2,17.3 1 1
github.com/kanthorlabs/common/passport/passport.go:17.72,18.40 1 1
github.com/kanthorlabs/common/passport/passport.go:18.40,20.3 1 1
github.com/kanthorlabs/common/passport/passport.go:22.2,24.33 2 1
github.com/kanthorlabs/common/passport/passport.go:24.33,28.41 3 1
github.com/kanthorlabs/common/passport/passport.go:28.41,30.4 1 1
github.com/kanthorlabs/common/passport/passport.go:32.3,32.33 1 1
github.com/kanthorlabs/common/passport/passport.go:32.33,37.18 2 1
github.com/kanthorlabs/common/passport/passport.go:37.18,39.5 1 1
github.com/kanthorlabs/common/passport/passport.go:41.4,41.30 1 1
github.com/kanthorlabs/common/passport/passport.go:44.3,44.40 1 1
github.com/kanthorlabs/common/passport/passport.go:44.40,49.18 2 1
github.com/kanthorlabs/common/passport/passport.go:49.18,51.5 1 0
github.com/kanthorlabs/common/passport/passport.go:53.4,53.49 1 1
github.com/kanthorlabs/common/passport/passport.go:57.2,57.46 1 1
github.com/kanthorlabs/common/passport/passport.go:75.62,79.49 3 1
github.com/kanthorlabs/common/passport/passport.go:79.49,81.3 1 1
github.com/kanthorlabs/common/passport/passport.go:83.2,84.37 2 1
github.com/kanthorlabs/common/passport/passport.go:84.37,86.21 2 1
github.com/kanthorlabs/common/passport/passport.go:86.21,88.4 1 1
github.com/kanthorlabs/common/passport/passport.go:90.2,90.33 1 1
github.com/kanthorlabs/common/passport/passport.go:90.33,92.3 1 0
github.com/kanthorlabs/common/passport/passport.go:94.2,95.12 2 1
github.com/kanthorlabs/common/passport/passport.go:98.45,99.52 1 1
github.com/kanthorlabs/common/passport/passport.go:99.52,101.3 1 0
github.com/kanthorlabs/common/passport/passport.go:102.2,102.49 1 1
github.com/kanthorlabs/common/passport/passport.go:102.49,104.3 1 1
github.com/kanthorlabs/common/passport/passport.go:106.2,107.37 2 1
github.com/kanthorlabs/common/passport/passport.go:107.37,109.21 2 1
github.com/kanthorlabs/common/passport/passport.go:109.21,111.4 1 1
github.com/kanthorlabs/common/passport/passport.go:113.2,113.17 1 1
github.com/kanthorlabs/common/passport/passport.go:116.44,117.52 1 1
github.com/kanthorlabs/common/passport/passport.go:117.52,119.3 1 0
github.com/kanthorlabs/common/passport/passport.go:120.2,120.49 1 1
github.com/kanthorlabs/common/passport/passport.go:120.49,122.3 1 1
github.com/kanthorlabs/common/passport/passport.go:124.2,125.37 2 1
github.com/kanthorlabs/common/passport/passport.go:125.37,127.21 2 1
github.com/kanthorlabs/common/passport/passport.go:127.21,129.4 1 1
github.com/kanthorlabs/common/passport/passport.go:131.2,131.17 1 1
github.com/kanthorlabs/common/passport/passport.go:134.65,138.49 3 1
github.com/kanthorlabs/common/passport/passport.go:138.49,140.3 1 1
github.com/kanthorlabs/common/passport/passport.go:141.2,144.37 3 1
github.com/kanthorlabs/common/passport/passport.go:144.37,146.21 2 1
github.com/kanthorlabs/common/passport/passport.go:146.21,148.4 1 1
github.com/kanthorlabs/common/passport/passport.go:150.2,150.17 1 1
github.com/kanthorlabs/common/passport/passport.go:153.129,155.10 2 1
github.com/kanthorlabs/common/passport/passport.go:155.10,157.3 1 1
github.com/kanthorlabs/common/passport/passport.go:159.2,159.41 1 1
github.com/kanthorlabs/common/passport/passport.go:162.109,164.10 2 1
github.com/kanthorlabs/common/passport/passport.go:164.10,166.3 1 1
github.com/kanthorlabs/common/passport/passport.go:168.2,168.42 1 1
github.com/kanthorlabs/common/passport/passport.go:171.130,173.10 2 1
github.com/kanthorlabs/common/passport/passport.go:173.10,175.3 1 1
github.com/kanthorlabs/common/passport/passport.go:177.2,177.42 1 1
github.com/kanthorlabs/common/passport/passport.go:180.99,182.10 2 1
github.com/kanthorlabs/common/passport/passport.go:182.10,184.3 1 1
github.com/kanthorlabs/common/passport/passport.go:186.2,186.36 1 1
github.com/kanthorlabs/common/persistence/database/database.go:13.72,14.40 1 1
github.com/kanthorlabs/common/persistence/database/database.go:14.40,16.3 1 1
github.com/kanthorlabs/common/persistence/database/database.go:17.2,17.38 1 1
github.com/kanthorlabs/common/persistence/database/database.go:17.38,19.3 1 1
github.com/kanthorlabs/common/persistence/database/database.go:21.2,21.57 1 0
github.com/kanthorlabs/common/persistence/database/query.go:28.48,35.2 1 1
github.com/kanthorlabs/common/persistence/database/query.go:37.94,40.25 2 1
github.com/kanthorlabs/common/persistence/database/query.go:40.25,43.3 2 1
github.com/kanthorlabs/common/persistence/database/query.go:45.2,45.11 1 1
github.com/kanthorlabs/common/persistence/database/query.go:48.99,50.2 1 1
github.com/kanthorlabs/common/persistence/database/query.go:52.94,53.24 1 1
github.com/kanthorlabs/common/persistence/database/query.go:53.24,55.3 1 1
github.com/kanthorlabs/common/persistence/database/query.go:57.2,57.28 1 1
github.com/kanthorlabs/common/persistence/database/query.go:57.28,59.3 1 1
github.com/kanthorlabs/common/persistence/database/query.go:61.2,61.11 1 1
github.com/kanthorlabs/common/persistence/database/config/config.go:13.38,17.16 2 1
github.com/kanthorlabs/common/persistence/database/config/config.go:17.16,19.3 1 1
github.com/kanthorlabs/common/persistence/database/config/config.go:21.2,21.32 1 1
github.com/kanthorlabs/common/persistence/database/config/config.go:21.32,22.46 1 1
github.com/kanthorlabs/common/persistence/database/config/config.go:22.46,24.4 1 1
github.com/kanthorlabs/common/persistence/database/config/config.go:27.2,27.12 1 1
github.com/kanthorlabs/common/persistence/datastore/datastore.go:12.73,13.40 1 1
github.com/kanthorlabs/common/persistence/datastore/datastore.go:13.40,15.3 1 1
github.com/kanthorlabs/common/persistence/datastore/datastore.go:16.2,16.38 1 1
github.com/kanthorlabs/common/persistence/datastore/datastore.go:16.38,18.3 1 1
github.com/kanthorlabs/common/persistence/datastore/datastore.go:20.2,20.58 1 0
github.com/kanthorlabs/common/persistence/datastore/query.go:31.52,39.2 1 1
github.com/kanthorlabs/common/persistence/datastore/query.go:41.86,51.24 4 1
github.com/kanthorlabs/common/persistence/datastore/query.go:51.24,61.3 1 1
github.com/kanthorlabs/common/persistence/datastore/query.go:63.2,63.24 1 1
github.com/kanthorlabs/common/persistence/datastore/query.go:63.24,65.3 1 1
github.com/kanthorlabs/common/persistence/datastore/query.go:67.2,67.11 1 1
github.com/kanthorlabs/common/persistence/datastore/config/config.go:15.38,19.16 2 1
github.com/kanthorlabs/common/persistence/datastore/config/config.go:19.16,21.3 1 1
github.com/kanthorlabs/common/persistence/datastore/config/config.go:23.2,23.31 1 1
github.com/kanthorlabs/common/persistence/datastore/config/config.go:23.31,24.46 1 1
github.com/kanthorlabs/common/persistence/datastore/config/config.go:24.46,26.4 1 1
github.com/kanthorlabs/common/persistence/datastore/config/config.go:29.2,29.12 1 1
github.com/kanthorlabs/common/persistence/sqlx/gorm.go:15.76,20.57 2 1
github.com/kanthorlabs/common/persistence/sqlx/gorm.go:20.57,30.3 5 1
github.com/kanthorlabs/common/persistence/sqlx/gorm.go:32.2,35.45 3 1
github.com/kanthorlabs/common/persistence/sqlx/gorm.go:35.45,37.3 1 1
github.com/kanthorlabs/common/persistence/sqlx/gorm.go:37.8,39.3 1 1
github.com/kanthorlabs/common/persistence/sqlx/gorm.go:40.2,40.16 1 1
github.com/kanthorlabs/common/persistence/sqlx/gorm.go:40.16,42.3 1 1
github.com/kanthorlabs/common/persistence/sqlx/gorm.go:44.2,45.16 2 1
github.com/kanthorlabs/common/persistence/sqlx/gorm.go:45.16,47.3 1 0
github.com/kanthorlabs/common/persistence/sqlx/gorm.go:51.2,56.17 5 1
github.com/kanthorlabs/common/persistence/sqlx/logger.go:11.56,13.2 1 1
github.com/kanthorlabs/common/persistence/sqlx/logger.go:19.65,21.2 1 1
github.com/kanthorlabs/common/persistence/sqlx/logger.go:23.74,25.2 1 1
github.com/kanthorlabs/common/persistence/sqlx/logger.go:26.74,28.2 1 1
github.com/kanthorlabs/common/persistence/sqlx/logger.go:30.75,32.2 1 1
github.com/kanthorlabs/common/persistence/sqlx/logger.go:34.122,38.51 3 1
github.com/kanthorlabs/common/persistence/sqlx/logger.go:38.51,40.3 1 1
github.com/kanthorlabs/common/persistence/sqlx/logger.go:41.2,45.16 2 1
github.com/kanthorlabs/common/persistence/sqlx/logger.go:45.16,47.3 1 1
github.com/kanthorlabs/common/persistence/sqlx/logger.go:49.2,49.36 1 1
github.com/kanthorlabs/common/persistence/sqlx/sqlx.go:21.87,22.40 1 1
github.com/kanthorlabs/common/persistence/sqlx/sqlx.go:22.40,24.3 1 1
github.com/kanthorlabs/common/persistence/sqlx/sqlx.go:25.2,25.46 1 1
github.com/kanthorlabs/common/persistence/sqlx/sqlx.go:38.57,42.49 3 1
github.com/kanthorlabs/common/persistence/sqlx/sqlx.go:42.49,44.3 1 1
github.com/kanthorlabs/common/persistence/sqlx/sqlx.go:46.2,47.16 2 1
github.com/kanthorlabs/common/persistence/sqlx/sqlx.go:47.16,49.3 1 1
github.com/kanthorlabs/common/persistence/sqlx/sqlx.go:50.2,54.12 4 1
github.com/kanthorlabs/common/persistence/sqlx/sqlx.go:57.40,58.52 1 1
github.com/kanthorlabs/common/persistence/sqlx/sqlx.go:58.52,60.3 1 1
github.com/kanthorlabs/common/persistence/sqlx/sqlx.go:61.2,61.49 1 1
github.com/kanthorlabs/common/persistence/sqlx/sqlx.go:61.49,63.3 1 1
github.com/kanthorlabs/common/persistence/sqlx/sqlx.go:65.2,67.32 3 1
github.com/kanthorlabs/common/persistence/sqlx/sqlx.go:67.32,69.3 1 0
github.com/kanthorlabs/common/persistence/sqlx/sqlx.go:71.2,71.12 1 1
github.com/kanthorlabs/common/persistence/sqlx/sqlx.go:74.39,75.52 1 1
github.com/kanthorlabs/common/persistence/sqlx/sqlx.go:75.52,77.3 1 1
github.com/kanthorlabs/common/persistence/sqlx/sqlx.go:78.2,78.49 1 1
github.com/kanthorlabs/common/persistence/sqlx/sqlx.go:78.49,80.3 1 1
github.com/kanthorlabs/common/persistence/sqlx/sqlx.go:82.2,84.32 3 1
github.com/kanthorlabs/common/persistence/sqlx/sqlx.go:84.32,86.3 1 0
github.com/kanthorlabs/common/persistence/sqlx/sqlx.go:88.2,88.12 1 1
github.com/kanthorlabs/common/persistence/sqlx/sqlx.go:91.60,95.49 3 1
github.com/kanthorlabs/common/persistence/sqlx/sqlx.go:95.49,97.3 1 1
github.com/kanthorlabs/common/persistence/sqlx/sqlx.go:98.2,102.51 4 1
github.com/kanthorlabs/common/persistence/sqlx/sqlx.go:102.51,103.38 1 1
github.com/kanthorlabs/common/persistence/sqlx/sqlx.go:103.38,105.4 1 0
github.com/kanthorlabs/common/persistence/sqlx/sqlx.go:106.8,108.3 1 0
github.com/kanthorlabs/common/persistence/sqlx/sqlx.go:109.2,111.18 2 1
github.com/kanthorlabs/common/persistence/sqlx/sqlx.go:114.38,116.2 1 1
github.com/kanthorlabs/common/persistence/sqlx/sqlx.go:118.35,120.2 1 1
github.com/kanthorlabs/common/persistence/sqlx/config/config.go:22.38,27.16 2 1
github.com/kanthorlabs/common/persistence/sqlx/config/config.go:27.16,29.3 1 1
github.com/kanthorlabs/common/persistence/sqlx/config/config.go:31.2,31.51 1 1
github.com/kanthorlabs/common/persistence/sqlx/config/config.go:31.51,33.3 1 1
github.com/kanthorlabs/common/persistence/sqlx/config/config.go:35.2,35.12 1 1
github.com/kanthorlabs/common/persistence/sqlx/config/config.go:38.34,48.2 1 1
github.com/kanthorlabs/common/persistence/sqlx/config/connection.go:12.42,19.2 1 1
github.com/kanthorlabs/common/project/default.go:13.22,15.18 2 1
github.com/kanthorlabs/common/project/default.go:15.18,17.3 1 1
github.com/kanthorlabs/common/project/default.go:18.2,18.22 1 1
github.com/kanthorlabs/common/project/default.go:21.25,23.14 2 1
github.com/kanthorlabs/common/project/default.go:23.14,25.3 1 1
github.com/kanthorlabs/common/project/default.go:26.2,26.25 1 1
github.com/kanthorlabs/common/project/default.go:29.20,31.16 2 1
github.com/kanthorlabs/common/project/default.go:31.16,33.3 1 1
github.com/kanthorlabs/common/project/default.go:34.2,34.20 1 1
github.com/kanthorlabs/common/project/project.go:15.27,17.2 1 1
github.com/kanthorlabs/common/project/project.go:19.26,21.2 1 1
github.com/kanthorlabs/common/project/project.go:23.19,25.2 1 1
github.com/kanthorlabs/common/project/project.go:27.19,28.48 1 1
github.com/kanthorlabs/common/project/project.go:28.48,30.3 1 1
github.com/kanthorlabs/common/project/project.go:31.2,31.16 1 1
github.com/kanthorlabs/common/project/project.go:34.31,36.2 1 1
github.com/kanthorlabs/common/project/project.go:38.39,40.26 2 1
github.com/kanthorlabs/common/project/project.go:40.26,41.24 1 1
github.com/kanthorlabs/common/project/project.go:41.24,43.4 1 1
github.com/kanthorlabs/common/project/project.go:45.2,45.33 1 1
github.com/kanthorlabs/common/project/project.go:48.42,50.2 1 1
github.com/kanthorlabs/common/project/project.go:52.41,55.2 2 1
github.com/kanthorlabs/common/passport/strategies/ask.go:17.72,18.40 1 1
github.com/kanthorlabs/common/passport/strategies/ask.go:18.40,20.3 1 1
github.com/kanthorlabs/common/passport/strategies/ask.go:22.2,23.31 2 1
github.com/kanthorlabs/common/passport/strategies/ask.go:23.31,25.3 1 1
github.com/kanthorlabs/common/passport/strategies/ask.go:27.2,27.41 1 1
github.com/kanthorlabs/common/passport/strategies/ask.go:27.41,29.3 1 1
github.com/kanthorlabs/common/passport/strategies/ask.go:31.2,31.66 1 1
github.com/kanthorlabs/common/passport/strategies/ask.go:43.57,47.49 3 1
github.com/kanthorlabs/common/passport/strategies/ask.go:47.49,49.3 1 1
github.com/kanthorlabs/common/passport/strategies/ask.go:51.2,52.12 2 1
github.com/kanthorlabs/common/passport/strategies/ask.go:55.40,56.52 1 1
github.com/kanthorlabs/common/passport/strategies/ask.go:56.52,58.3 1 1
github.com/kanthorlabs/common/passport/strategies/ask.go:59.2,59.49 1 1
github.com/kanthorlabs/common/passport/strategies/ask.go:59.49,61.3 1 1
github.com/kanthorlabs/common/passport/strategies/ask.go:63.2,63.12 1 1
github.com/kanthorlabs/common/passport/strategies/ask.go:66.39,67.52 1 1
github.com/kanthorlabs/common/passport/strategies/ask.go:67.52,69.3 1 1
github.com/kanthorlabs/common/passport/strategies/ask.go:70.2,70.49 1 1
github.com/kanthorlabs/common/passport/strategies/ask.go:70.49,72.3 1 1
github.com/kanthorlabs/common/passport/strategies/ask.go:74.2,74.12 1 1
github.com/kanthorlabs/common/passport/strategies/ask.go:77.60,81.49 3 1
github.com/kanthorlabs/common/passport/strategies/ask.go:81.49,83.3 1 0
github.com/kanthorlabs/common/passport/strategies/ask.go:85.2,86.12 2 1
github.com/kanthorlabs/common/passport/strategies/ask.go:89.111,90.73 1 1
github.com/kanthorlabs/common/passport/strategies/ask.go:90.73,92.3 1 1
github.com/kanthorlabs/common/passport/strategies/ask.go:93.2,94.10 2 1
github.com/kanthorlabs/common/passport/strategies/ask.go:94.10,96.3 1 1
github.com/kanthorlabs/common/passport/strategies/ask.go:98.2,98.87 1 1
github.com/kanthorlabs/common/passport/strategies/ask.go:98.87,100.3 1 1
github.com/kanthorlabs/common/passport/strategies/ask.go:102.2,102.26 1 1
github.com/kanthorlabs/common/passport/strategies/ask.go:105.91,107.2 1 1
github.com/kanthorlabs/common/passport/strategies/ask.go:109.112,111.2 1 1
github.com/kanthorlabs/common/passport/strategies/ask.go:113.81,115.2 1 1
github.com/kanthorlabs/common/passport/strategies/ask.go:117.87,119.2 1 1
github.com/kanthorlabs/common/passport/strategies/durability.go:19.86,20.40 1 1
github.com/kanthorlabs/common/passport/strategies/durability.go:20.40,22.3 1 1
github.com/kanthorlabs/common/passport/strategies/durability.go:24.2,25.16 2 1
github.com/kanthorlabs/common/passport/strategies/durability.go:25.16,27.3 1 0
github.com/kanthorlabs/common/passport/strategies/durability.go:29.2,29.69 1 1
github.com/kanthorlabs/common/passport/strategies/durability.go:42.64,46.49 3 1
github.com/kanthorlabs/common/passport/strategies/durability.go:46.49,48.3 1 1
github.com/kanthorlabs/common/passport/strategies/durability.go:50.2,50.53 1 1
github.com/kanthorlabs/common/passport/strategies/durability.go:50.53,52.3 1 0
github.com/kanthorlabs/common/passport/strategies/durability.go:54.2,55.87 2 1
github.com/kanthorlabs/common/passport/strategies/durability.go:55.87,57.3 1 0
github.com/kanthorlabs/common/passport/strategies/durability.go:59.2,60.12 2 1
github.com/kanthorlabs/common/passport/strategies/durability.go:63.47,64.52 1 1
github.com/kanthorlabs/common/passport/strategies/durability.go:64.52,66.3 1 1
github.com/kanthorlabs/common/passport/strategies/durability.go:67.2,67.49 1 1
github.com/kanthorlabs/common/passport/strategies/durability.go:67.49,69.3 1 1
github.com/kanthorlabs/common/passport/strategies/durability.go:71.2,71.36 1 1
github.com/kanthorlabs/common/passport/strategies/durability.go:74.46,75.52 1 1
github.com/kanthorlabs/common/passport/strategies/durability.go:75.52,77.3 1 1
github.com/kanthorlabs/common/passport/strategies/durability.go:78.2,78.49 1 1
github.com/kanthorlabs/common/passport/strategies/durability.go:78.49,80.3 1 1
github.com/kanthorlabs/common/passport/strategies/durability.go:82.2,82.35 1 1
github.com/kanthorlabs/common/passport/strategies/durability.go:85.67,86.49 1 1
github.com/kanthorlabs/common/passport/strategies/durability.go:86.49,88.3 1 1
github.com/kanthorlabs/common/passport/strategies/durability.go:90.2,91.40 2 1
github.com/kanthorlabs/common/passport/strategies/durability.go:94.118,95.73 1 1
github.com/kanthorlabs/common/passport/strategies/durability.go:95.73,97.3 1 1
github.com/kanthorlabs/common/passport/strategies/durability.go:99.2,103.21 3 1
github.com/kanthorlabs/common/passport/strategies/durability.go:103.21,105.3 1 1
github.com/kanthorlabs/common/passport/strategies/durability.go:107.2,107.87 1 1
github.com/kanthorlabs/common/passport/strategies/durability.go:107.87,109.3 1 1
github.com/kanthorlabs/common/passport/strategies/durability.go:111.2,111.26 1 1
github.com/kanthorlabs/common/passport/strategies/durability.go:114.98,116.2 1 0
github.com/kanthorlabs/common/passport/strategies/durability.go:118.119,120.2 1 1
github.com/kanthorlabs/common/passport/strategies/durability.go:122.88,124.21 2 1
github.com/kanthorlabs/common/passport/strategies/durability.go:124.21,126.3 1 1
github.com/kanthorlabs/common/passport/strategies/durability.go:127.2,127.12 1 1
github.com/kanthorlabs/common/passport/strategies/durability.go:130.94,131.75 1 1
github.com/kanthorlabs/common/passport/strategies/durability.go:131.75,134.46 2 1
github.com/kanthorlabs/common/passport/strategies/durability.go:134.46,136.4 1 1
github.com/kanthorlabs/common/passport/strategies/durability.go:138.3,141.23 3 1
github.com/kanthorlabs/common/passport/strategies/durability.go:141.23,143.4 1 0
github.com/kanthorlabs/common/passport/strategies/durability.go:145.3,145.13 1 1
github.com/kanthorlabs/common/safe/map.go:11.26,12.20 1 1
github.com/kanthorlabs/common/safe/map.go:12.20,14.3 1 1
github.com/kanthorlabs/common/safe/map.go:17.44,25.2 5 1
github.com/kanthorlabs/common/safe/map.go:27.45,35.2 5 1
github.com/kanthorlabs/common/safe/map.go:37.30,39.2 1 1
github.com/kanthorlabs/common/safe/map.go:41.31,43.2 1 1
github.com/kanthorlabs/common/safe/map.go:45.39,47.28 2 1
github.com/kanthorlabs/common/safe/map.go:47.28,49.3 1 1
github.com/kanthorlabs/common/safe/map.go:50.2,50.13 1 1
github.com/kanthorlabs/common/safe/map.go:53.35,55.20 2 1
github.com/kanthorlabs/common/safe/map.go:55.20,56.28 1 1
github.com/kanthorlabs/common/safe/map.go:56.28,58.4 1 1
github.com/kanthorlabs/common/safe/map.go:60.2,60.13 1 1
github.com/kanthorlabs/common/safe/map.go:63.46,64.27 1 1
github.com/kanthorlabs/common/safe/map.go:64.27,66.3 1 1
github.com/kanthorlabs/common/safe/metadata.go:14.44,18.20 3 1
github.com/kanthorlabs/common/safe/metadata.go:18.20,20.3 1 1
github.com/kanthorlabs/common/safe/metadata.go:22.2,22.16 1 1
github.com/kanthorlabs/common/safe/metadata.go:25.49,29.20 3 1
github.com/kanthorlabs/common/safe/metadata.go:29.20,31.3 1 1
github.com/kanthorlabs/common/safe/metadata.go:33.2,34.15 2 1
github.com/kanthorlabs/common/safe/metadata.go:37.44,41.20 3 1
github.com/kanthorlabs/common/safe/metadata.go:41.20,43.3 1 1
github.com/kanthorlabs/common/safe/metadata.go:45.2,45.36 1 1
github.com/kanthorlabs/common/safe/metadata.go:45.36,47.3 1 1
github.com/kanthorlabs/common/safe/metadata.go:49.2,49.24 1 1
github.com/kanthorlabs/common/safe/metadata.go:49.24,51.3 1 1
github.com/kanthorlabs/common/safe/metadata.go:54.39,55.35 1 1
github.com/kanthorlabs/common/safe/metadata.go:55.35,57.3 1 1
github.com/kanthorlabs/common/safe/metadata.go:59.2,60.21 2 1
github.com/kanthorlabs/common/safe/metadata.go:64.53,66.35 1 1
github.com/kanthorlabs/common/safe/metadata.go:66.35,68.3 1 1
github.com/kanthorlabs/common/safe/metadata.go:69.2,70.26 2 1
github.com/kanthorlabs/common/safe/metadata.go:74.45,76.13 2 1
github.com/kanthorlabs/common/safe/metadata.go:76.13,78.3 1 1
github.com/kanthorlabs/common/safe/metadata.go:79.2,79.44 1 1
github.com/kanthorlabs/common/safe/slice.go:10.41,15.2 3 1
github.com/kanthorlabs/common/safe/slice.go:17.33,19.2 1 1
github.com/kanthorlabs/common/safe/slice.go:21.32,23.2 1 1
github.com/kanthorlabs/common/sender/config/config.go:14.38,19.16 2 1
github.com/kanthorlabs/common/sender/config/config.go:19.16,21.3 1 1
github.com/kanthorlabs/common/sender/config/config.go:23.2,23.46 1 1
github.com/kanthorlabs/common/sender/config/config.go:23.46,25.3 1 1
github.com/kanthorlabs/common/sender/config/config.go:27.2,27.12 1 1
github.com/kanthorlabs/common/sender/config/retry.go:10.37,15.2 1 1
github.com/kanthorlabs/common/sender/entities/request.go:16.38,21.2 1 1
github.com/kanthorlabs/common/sender/http.go:14.69,15.40 1 1
github.com/kanthorlabs/common/sender/http.go:15.40,17.3 1 1
github.com/kanthorlabs/common/sender/http.go:19.2,24.61 1 1
github.com/kanthorlabs/common/sender/http.go:24.61,27.48 3 1
github.com/kanthorlabs/common/sender/http.go:27.48,30.5 2 1
github.com/kanthorlabs/common/sender/http.go:31.4,31.16 1 1
github.com/kanthorlabs/common/sender/http.go:35.2,35.84 1 1
github.com/kanthorlabs/common/sender/http.go:35.84,41.17 3 1
github.com/kanthorlabs/common/sender/http.go:41.17,43.4 1 1
github.com/kanthorlabs/common/sender/http.go:45.3,46.33 2 1
github.com/kanthorlabs/common/sender/http.go:46.33,48.4 1 1
github.com/kanthorlabs/common/sender/http.go:49.3,49.34 1 1
github.com/kanthorlabs/common/sender/http.go:49.34,51.4 1 1
github.com/kanthorlabs/common/sender/http.go:52.3,52.33 1 1
github.com/kanthorlabs/common/sender/http.go:52.33,54.4 1 1
github.com/kanthorlabs/common/sender/http.go:55.3,55.35 1 1
github.com/kanthorlabs/common/sender/http.go:55.35,57.4 1 1
github.com/kanthorlabs/common/sender/http.go:59.3,59.17 1 1
github.com/kanthorlabs/common/sender/http.go:59.17,61.4 1 0
github.com/kanthorlabs/common/sender/http.go:63.3,70.9 1 1
github.com/kanthorlabs/common/sender/sender.go:20.68,22.16 2 1
github.com/kanthorlabs/common/sender/sender.go:22.16,24.3 1 1
github.com/kanthorlabs/common/sender/sender.go:26.2,26.84 1 1
github.com/kanthorlabs/common/sender/sender.go:26.84,28.17 2 1
github.com/kanthorlabs/common/sender/sender.go:28.17,30.4 1 1
github.com/kanthorlabs/common/sender/sender.go:33.3,33.44 1 1
github.com/kanthorlabs/common/sender/sender.go:33.44,35.4 1 1
github.com/kanthorlabs/common/sender/sender.go:37.3,37.93 1 1
github.com/kanthorlabs/common/streaming/config/config.go:20.38,26.16 2 1
github.com/kanthorlabs/common/streaming/config/config.go:26.16,28.3 1 1
github.com/kanthorlabs/common/streaming/config/config.go:31.2,32.43 2 1
github.com/kanthorlabs/common/streaming/config/config.go:32.43,33.46 1 1
github.com/kanthorlabs/common/streaming/config/config.go:33.46,35.4 1 1
github.com/kanthorlabs/common/streaming/config/config.go:38.2,38.50 1 1
github.com/kanthorlabs/common/streaming/config/config.go:38.50,40.3 1 1
github.com/kanthorlabs/common/streaming/config/config.go:42.2,42.51 1 1
github.com/kanthorlabs/common/streaming/config/config.go:42.51,44.3 1 1
github.com/kanthorlabs/common/streaming/config/config.go:46.2,46.12 1 1
github.com/kanthorlabs/common/streaming/config/config.go:53.41,57.2 1 1
github.com/kanthorlabs/common/streaming/config/config.go:69.42,75.2 1 1
github.com/kanthorlabs/common/streaming/config/nats.go:10.36,14.16 2 1
github.com/kanthorlabs/common/streaming/config/nats.go:14.16,16.3 1 1
github.com/kanthorlabs/common/streaming/config/nats.go:18.2,18.47 1 1
github.com/kanthorlabs/common/streaming/config/nats.go:18.47,20.3 1 1
github.com/kanthorlabs/common/streaming/config/nats.go:22.2,22.12 1 1
github.com/kanthorlabs/common/streaming/config/nats.go:32.42,39.2 1 1
github.com/kanthorlabs/common/streaming/entities/event.go:21.34,27.2 1 1
github.com/kanthorlabs/common/streaming/entities/event.go:29.33,32.2 2 1
github.com/kanthorlabs/common/utils/number.go:3.88,4.11 1 1
github.com/kanthorlabs/common/utils/number.go:4.11,6.3 1 1
github.com/kanthorlabs/common/utils/number.go:7.2,7.10 1 1
github.com/kanthorlabs/common/utils/number.go:10.88,11.11 1 1
github.com/kanthorlabs/common/utils/number.go:11.11,13.3 1 1
github.com/kanthorlabs/common/utils/number.go:14.2,14.10 1 1
github.com/kanthorlabs/common/utils/os.go:9.35,10.78 1 1
github.com/kanthorlabs/common/utils/os.go:10.78,12.3 1 1
github.com/kanthorlabs/common/utils/os.go:14.2,16.24 2 1
github.com/kanthorlabs/common/utils/os.go:16.24,18.3 1 1
github.com/kanthorlabs/common/utils/os.go:20.2,21.16 2 1
github.com/kanthorlabs/common/utils/os.go:21.16,23.3 1 1
github.com/kanthorlabs/common/utils/os.go:25.2,25.11 1 0
github.com/kanthorlabs/common/utils/slice.go:3.85,4.21 1 1
github.com/kanthorlabs/common/utils/slice.go:4.21,6.3 1 1
github.com/kanthorlabs/common/utils/slice.go:7.2,7.20 1 1
github.com/kanthorlabs/common/utils/string.go:10.35,12.2 1 1
github.com/kanthorlabs/common/utils/string.go:14.34,15.18 1 1
github.com/kanthorlabs/common/utils/string.go:15.18,17.3 1 1
github.com/kanthorlabs/common/utils/string.go:18.2,19.22 2 1
github.com/kanthorlabs/common/utils/string.go:22.40,23.18 1 1
github.com/kanthorlabs/common/utils/string.go:23.18,25.3 1 1
github.com/kanthorlabs/common/utils/string.go:26.2,27.22 2 1
github.com/kanthorlabs/common/utils/string.go:30.33,33.30 3 1
github.com/kanthorlabs/common/utils/string.go:33.30,35.3 1 1
github.com/kanthorlabs/common/utils/string.go:37.2,37.16 1 1
github.com/kanthorlabs/common/validator/common.go:7.53,8.22 1 1
github.com/kanthorlabs/common/validator/common.go:8.22,9.19 1 1
github.com/kanthorlabs/common/validator/common.go:9.19,11.4 1 1
github.com/kanthorlabs/common/validator/common.go:12.3,12.13 1 1
github.com/kanthorlabs/common/validator/helpers.go:3.64,4.22 1 1
github.com/kanthorlabs/common/validator/helpers.go:4.22,5.35 1 1
github.com/kanthorlabs/common/validator/helpers.go:5.35,6.43 1 1
github.com/kanthorlabs/common/validator/helpers.go:6.43,8.5 1 1
github.com/kanthorlabs/common/validator/helpers.go:11.3,11.13 1 1
github.com/kanthorlabs/common/validator/helpers.go:15.77,16.22 1 1
github.com/kanthorlabs/common/validator/helpers.go:16.22,17.28 1 1
github.com/kanthorlabs/common/validator/helpers.go:17.28,18.50 1 1
github.com/kanthorlabs/common/validator/helpers.go:18.50,20.5 1 1
github.com/kanthorlabs/common/validator/helpers.go:23.3,23.13 1 1
github.com/kanthorlabs/common/validator/loop.go:5.55,6.22 1 1
github.com/kanthorlabs/common/validator/loop.go:6.22,7.20 1 1
github.com/kanthorlabs/common/validator/loop.go:7.20,9.4 1 1
github.com/kanthorlabs/common/validator/loop.go:10.3,10.23 1 1
github.com/kanthorlabs/common/validator/loop.go:10.23,12.4 1 1
github.com/kanthorlabs/common/validator/loop.go:13.3,13.13 1 1
github.com/kanthorlabs/common/validator/loop.go:17.65,18.22 1 1
github.com/kanthorlabs/common/validator/loop.go:18.22,19.24 1 1
github.com/kanthorlabs/common/validator/loop.go:19.24,21.4 1 1
github.com/kanthorlabs/common/validator/loop.go:22.3,22.13 1 1
github.com/kanthorlabs/common/validator/loop.go:26.71,27.22 1 1
github.com/kanthorlabs/common/validator/loop.go:27.22,28.20 1 1
github.com/kanthorlabs/common/validator/loop.go:28.20,30.4 1 1
github.com/kanthorlabs/common/validator/loop.go:31.3,31.23 1 1
github.com/kanthorlabs/common/validator/loop.go:31.23,33.4 1 1
github.com/kanthorlabs/common/validator/loop.go:34.3,34.13 1 1
github.com/kanthorlabs/common/validator/number.go:7.124,8.22 1 1
github.com/kanthorlabs/common/validator/number.go:8.22,9.22 1 1
github.com/kanthorlabs/common/validator/number.go:9.22,11.4 1 1
github.com/kanthorlabs/common/validator/number.go:12.3,12.13 1 1
github.com/kanthorlabs/common/validator/number.go:16.131,17.22 1 1
github.com/kanthorlabs/common/validator/number.go:17.22,18.21 1 1
github.com/kanthorlabs/common/validator/number.go:18.21,20.4 1 1
github.com/kanthorlabs/common/validator/number.go:21.3,21.13 1 1
github.com/kanthorlabs/common/validator/number.go:25.127,26.22 1 1
github.com/kanthorlabs/common/validator/number.go:26.22,27.22 1 1
github.com/kanthorlabs/common/validator/number.go:27.22,29.4 1 1
github.com/kanthorlabs/common/validator/number.go:30.3,30.13 1 1
github.com/kanthorlabs/common/validator/number.go:34.134,35.22 1 1
github.com/kanthorlabs/common/validator/number.go:35.22,36.21 1 1
github.com/kanthorlabs/common/validator/number.go:36.21,38.4 1 1
github.com/kanthorlabs/common/validator/number.go:39.3,39.13 1 1
github.com/kanthorlabs/common/validator/number.go:43.125,44.22 1 1
github.com/kanthorlabs/common/validator/number.go:44.22,45.18 1 1
github.com/kanthorlabs/common/validator/number.go:45.18,47.4 1 1
github.com/kanthorlabs/common/validator/number.go:48.3,48.18 1 1
github.com/kanthorlabs/common/validator/number.go:48.18,50.4 1 1
github.com/kanthorlabs/common/validator/number.go:51.3,51.13 1 1
github.com/kanthorlabs/common/validator/string.go:10.44,11.22 1 1
github.com/kanthorlabs/common/validator/string.go:11.22,12.37 1 1
github.com/kanthorlabs/common/validator/string.go:12.37,14.4 1 1
github.com/kanthorlabs/common/validator/string.go:15.3,15.13 1 1
github.com/kanthorlabs/common/validator/string.go:19.64,22.22 2 1
github.com/kanthorlabs/common/validator/string.go:22.22,23.18 1 1
github.com/kanthorlabs/common/validator/string.go:23.18,25.4 1 1
github.com/kanthorlabs/common/validator/string.go:27.3,27.36 1 1
github.com/kanthorlabs/common/validator/string.go:27.36,29.4 1 1
github.com/kanthorlabs/common/validator/string.go:31.3,31.13 1 1
github.com/kanthorlabs/common/validator/string.go:35.54,36.22 1 1
github.com/kanthorlabs/common/validator/string.go:36.22,37.55 1 1
github.com/kanthorlabs/common/validator/string.go:37.55,39.4 1 1
github.com/kanthorlabs/common/validator/string.go:40.3,40.75 1 1
github.com/kanthorlabs/common/validator/string.go:40.75,42.4 1 1
github.com/kanthorlabs/common/validator/string.go:43.3,43.13 1 1
github.com/kanthorlabs/common/validator/string.go:47.70,48.22 1 1
github.com/kanthorlabs/common/validator/string.go:48.22,49.27 1 1
github.com/kanthorlabs/common/validator/string.go:49.27,50.81 1 1
github.com/kanthorlabs/common/validator/string.go:50.81,52.5 1 1
github.com/kanthorlabs/common/validator/string.go:54.3,54.98 1 1
github.com/kanthorlabs/common/validator/string.go:58.39,59.22 1 1
github.com/kanthorlabs/common/validator/string.go:59.22,60.55 1 1
github.com/kanthorlabs/common/validator/string.go:60.55,62.4 1 1
github.com/kanthorlabs/common/validator/string.go:64.3,64.55 1 1
github.com/kanthorlabs/common/validator/string.go:64.55,66.4 1 1
github.com/kanthorlabs/common/validator/string.go:67.3,67.13 1 1
github.com/kanthorlabs/common/validator/string.go:71.53,72.22 1 1
github.com/kanthorlabs/common/validator/string.go:72.22,73.23 1 1
github.com/kanthorlabs/common/validator/string.go:73.23,75.4 1 1
github.com/kanthorlabs/common/validator/string.go:76.3,76.23 1 1
github.com/kanthorlabs/common/validator/string.go:76.23,78.4 1 1
github.com/kanthorlabs/common/validator/string.go:79.3,79.13 1 1
github.com/kanthorlabs/common/validator/string.go:83.63,84.22 1 1
github.com/kanthorlabs/common/validator/string.go:84.22,85.22 1 1
github.com/kanthorlabs/common/validator/string.go:85.22,87.4 1 1
github.com/kanthorlabs/common/validator/string.go:88.3,88.44 1 1
github.com/kanthorlabs/common/validator/string.go:92.57,94.26 2 1
github.com/kanthorlabs/common/validator/string.go:94.26,96.3 1 1
github.com/kanthorlabs/common/validator/string.go:98.2,98.22 1 1
github.com/kanthorlabs/common/validator/string.go:98.22,99.55 1 1
github.com/kanthorlabs/common/validator/string.go:99.55,101.4 1 1
github.com/kanthorlabs/common/validator/string.go:103.3,103.31 1 1
github.com/kanthorlabs/common/validator/string.go:103.31,105.4 1 1
github.com/kanthorlabs/common/validator/string.go:107.3,107.13 1 1
github.com/kanthorlabs/common/validator/string.go:111.58,114.22 3 1
github.com/kanthorlabs/common/validator/string.go:114.22,115.28 1 1
github.com/kanthorlabs/common/validator/string.go:115.28,117.4 1 1
github.com/kanthorlabs/common/validator/string.go:119.3,119.13 1 1
github.com/kanthorlabs/common/validator/string.go:123.61,126.22 3 1
github.com/kanthorlabs/common/validator/string.go:126.22,127.28 1 1
github.com/kanthorlabs/common/validator/string.go:127.28,129.4 1 1
github.com/kanthorlabs/common/validator/string.go:131.3,131.13 1 1
github.com/kanthorlabs/common/validator/validator.go:12.38,13.25 1 1
github.com/kanthorlabs/common/validator/validator.go:13.25,14.30 1 1
github.com/kanthorlabs/common/validator/validator.go:14.30,16.4 1 1
github.com/kanthorlabs/common/validator/validator.go:18.2,18.8 1 1
github.com/kanthorlabs/common/streaming/nats.go:19.74,20.40 1 1
github.com/kanthorlabs/common/streaming/nats.go:20.40,22.3 1 1
github.com/kanthorlabs/common/streaming/nats.go:24.2,24.47 1 1
github.com/kanthorlabs/common/streaming/nats.go:40.59,44.50 3 1
github.com/kanthorlabs/common/streaming/nats.go:44.50,46.3 1 1
github.com/kanthorlabs/common/streaming/nats.go:48.2,49.16 2 1
github.com/kanthorlabs/common/streaming/nats.go:49.16,51.3 1 1
github.com/kanthorlabs/common/streaming/nats.go:52.2,55.16 3 1
github.com/kanthorlabs/common/streaming/nats.go:55.16,57.3 1 0
github.com/kanthorlabs/common/streaming/nats.go:58.2,61.16 3 1
github.com/kanthorlabs/common/streaming/nats.go:61.16,63.3 1 0
github.com/kanthorlabs/common/streaming/nats.go:65.2,71.12 3 1
github.com/kanthorlabs/common/streaming/nats.go:74.42,75.53 1 1
github.com/kanthorlabs/common/streaming/nats.go:75.53,77.3 1 1
github.com/kanthorlabs/common/streaming/nats.go:78.2,78.50 1 1
github.com/kanthorlabs/common/streaming/nats.go:78.50,80.3 1 1
github.com/kanthorlabs/common/streaming/nats.go:82.2,82.35 1 1
github.com/kanthorlabs/common/streaming/nats.go:82.35,84.3 1 0
github.com/kanthorlabs/common/streaming/nats.go:86.2,86.12 1 1
github.com/kanthorlabs/common/streaming/nats.go:89.41,90.53 1 1
github.com/kanthorlabs/common/streaming/nats.go:90.53,92.3 1 1
github.com/kanthorlabs/common/streaming/nats.go:93.2,93.50 1 1
github.com/kanthorlabs/common/streaming/nats.go:93.50,95.3 1 1
github.com/kanthorlabs/common/streaming/nats.go:97.2,97.35 1 1
github.com/kanthorlabs/common/streaming/nats.go:97.35,99.3 1 0
github.com/kanthorlabs/common/streaming/nats.go:101.2,101.12 1 1
github.com/kanthorlabs/common/streaming/nats.go:104.56,106.16 2 1
github.com/kanthorlabs/common/streaming/nats.go:106.16,108.3 1 0
github.com/kanthorlabs/common/streaming/nats.go:110.2,115.63 1 1
github.com/kanthorlabs/common/streaming/nats.go:115.63,116.18 1 1
github.com/kanthorlabs/common/streaming/nats.go:116.18,119.5 2 1
github.com/kanthorlabs/common/streaming/nats.go:121.51,123.4 1 0
github.com/kanthorlabs/common/streaming/nats.go:124.79,125.37 1 0
github.com/kanthorlabs/common/streaming/nats.go:125.37,129.5 3 0
github.com/kanthorlabs/common/streaming/nats.go:131.4,131.65 1 0
github.com/kanthorlabs/common/streaming/nats.go:135.2,135.52 1 1
github.com/kanthorlabs/common/streaming/nats.go:138.78,154.2 1 1
github.com/kanthorlabs/common/streaming/nats.go:156.62,160.50 3 1
github.com/kanthorlabs/common/streaming/nats.go:160.50,162.3 1 1
github.com/kanthorlabs/common/streaming/nats.go:163.2,167.35 4 1
github.com/kanthorlabs/common/streaming/nats.go:167.35,169.3 1 1
github.com/kanthorlabs/common/streaming/nats.go:170.2,170.36 1 1
github.com/kanthorlabs/common/streaming/nats.go:170.36,172.3 1 1
github.com/kanthorlabs/common/streaming/nats.go:173.2,173.47 1 1
github.com/kanthorlabs/common/streaming/nats.go:173.47,175.3 1 0
github.com/kanthorlabs/common/streaming/nats.go:176.2,180.18 3 1
github.com/kanthorlabs/common/streaming/nats.go:183.66,184.50 1 1
github.com/kanthorlabs/common/streaming/nats.go:184.50,186.3 1 1
github.com/kanthorlabs/common/streaming/nats.go:188.2,189.16 2 1
github.com/kanthorlabs/common/streaming/nats.go:189.16,191.3 1 1
github.com/kanthorlabs/common/streaming/nats.go:193.2,196.33 3 1
github.com/kanthorlabs/common/streaming/nats.go:196.33,198.3 1 1
github.com/kanthorlabs/common/streaming/nats.go:200.2,200.59 1 1
github.com/kanthorlabs/common/streaming/nats.go:200.59,202.3 1 1
github.com/kanthorlabs/common/streaming/nats.go:204.2,212.23 3 1
github.com/kanthorlabs/common/streaming/nats.go:215.68,216.50 1 1
github.com/kanthorlabs/common/streaming/nats.go:216.50,218.3 1 1
github.com/kanthorlabs/common/streaming/nats.go:220.2,221.16 2 1
github.com/kanthorlabs/common/streaming/nats.go:221.16,223.3 1 1
github.com/kanthorlabs/common/streaming/nats.go:225.2,228.34 3 1
github.com/kanthorlabs/common/streaming/nats.go:228.34,230.3 1 1
github.com/kanthorlabs/common/streaming/nats.go:232.2,232.61 1 1
github.com/kanthorlabs/common/streaming/nats.go:232.61,234.3 1 1
github.com/kanthorlabs/common/streaming/nats.go:236.2,244.24 3 1
github.com/kanthorlabs/common/streaming/nats_dto.go:11.58,19.41 2 1
github.com/kanthorlabs/common/streaming/nats_dto.go:19.41,21.3 1 1
github.com/kanthorlabs/common/streaming/nats_dto.go:23.2,23.12 1 1
github.com/kanthorlabs/common/streaming/nats_dto.go:25.56,32.40 2 1
github.com/kanthorlabs/common/streaming/nats_dto.go:32.40,33.37 1 1
github.com/kanthorlabs/common/streaming/nats_dto.go:33.37,34.12 1 1
github.com/kanthorlabs/common/streaming/nats_dto.go:36.3,36.33 1 1
github.com/kanthorlabs/common/streaming/nats_dto.go:38.2,38.14 1 1
github.com/kanthorlabs/common/streaming/nats_publisher.go:23.47,25.2 1 1
github.com/kanthorlabs/common/streaming/nats_publisher.go:27.110,33.25 3 1
github.com/kanthorlabs/common/streaming/nats_publisher.go:33.25,37.42 3 1
github.com/kanthorlabs/common/streaming/nats_publisher.go:37.42,40.12 3 1
github.com/kanthorlabs/common/streaming/nats_publisher.go:43.3,44.43 2 1
github.com/kanthorlabs/common/streaming/nats_publisher.go:44.43,50.18 2 1
github.com/kanthorlabs/common/streaming/nats_publisher.go:50.18,54.5 3 1
github.com/kanthorlabs/common/streaming/nats_publisher.go:56.4,56.21 1 1
github.com/kanthorlabs/common/streaming/nats_publisher.go:56.21,61.5 4 1
github.com/kanthorlabs/common/streaming/nats_publisher.go:63.4,63.14 1 1
github.com/kanthorlabs/common/streaming/nats_publisher.go:68.2,70.25 2 1
github.com/kanthorlabs/common/streaming/nats_subscriber.go:33.49,35.2 1 1
github.com/kanthorlabs/common/streaming/nats_subscriber.go:37.70,41.51 3 1
github.com/kanthorlabs/common/streaming/nats_subscriber.go:41.51,43.3 1 1
github.com/kanthorlabs/common/streaming/nats_subscriber.go:45.2,48.12 3 1
github.com/kanthorlabs/common/streaming/nats_subscriber.go:51.53,52.54 1 1
github.com/kanthorlabs/common/streaming/nats_subscriber.go:52.54,54.3 1 1
github.com/kanthorlabs/common/streaming/nats_subscriber.go:55.2,55.51 1 1
github.com/kanthorlabs/common/streaming/nats_subscriber.go:55.51,57.3 1 1
github.com/kanthorlabs/common/streaming/nats_subscriber.go:59.2,64.12 5 1
github.com/kanthorlabs/common/streaming/nats_subscriber.go:67.52,68.54 1 1
github.com/kanthorlabs/common/streaming/nats_subscriber.go:68.54,70.3 1 1
github.com/kanthorlabs/common/streaming/nats_subscriber.go:71.2,71.51 1 1
github.com/kanthorlabs/common/streaming/nats_subscriber.go:71.51,73.3 1 1
github.com/kanthorlabs/common/streaming/nats_subscriber.go:75.2,80.12 5 1
github.com/kanthorlabs/common/streaming/nats_subscriber.go:83.73,87.51 3 1
github.com/kanthorlabs/common/streaming/nats_subscriber.go:87.51,89.3 1 1
github.com/kanthorlabs/common/streaming/nats_subscriber.go:90.2,93.12 3 1
github.com/kanthorlabs/common/streaming/nats_subscriber.go:96.100,97.51 1 1
github.com/kanthorlabs/common/streaming/nats_subscriber.go:97.51,99.3 1 1
github.com/kanthorlabs/common/streaming/nats_subscriber.go:101.2,102.16 2 1
github.com/kanthorlabs/common/streaming/nats_subscriber.go:102.16,104.3 1 1
github.com/kanthorlabs/common/streaming/nats_subscriber.go:106.2,108.16 3 1
github.com/kanthorlabs/common/streaming/nats_subscriber.go:108.16,110.3 1 1
github.com/kanthorlabs/common/streaming/nats_subscriber.go:112.2,120.12 3 1
github.com/kanthorlabs/common/streaming/nats_subscriber.go:120.12,121.7 1 1
github.com/kanthorlabs/common/streaming/nats_subscriber.go:121.7,123.56 1 1
github.com/kanthorlabs/common/streaming/nats_subscriber.go:123.56,125.5 1 1
github.com/kanthorlabs/common/streaming/nats_subscriber.go:127.4,132.18 3 1
github.com/kanthorlabs/common/streaming/nats_subscriber.go:132.18,138.13 2 1
github.com/kanthorlabs/common/streaming/nats_subscriber.go:141.4,143.38 3 1
github.com/kanthorlabs/common/streaming/nats_subscriber.go:143.38,148.44 4 1
github.com/kanthorlabs/common/streaming/nats_subscriber.go:148.44,150.14 2 1
github.com/kanthorlabs/common/streaming/nats_subscriber.go:153.5,153.28 1 1
github.com/kanthorlabs/common/streaming/nats_subscriber.go:156.4,156.24 1 1
github.com/kanthorlabs/common/streaming/nats_subscriber.go:156.24,157.13 1 1
github.com/kanthorlabs/common/streaming/nats_subscriber.go:159.4,162.27 3 1
github.com/kanthorlabs/common/streaming/nats_subscriber.go:162.27,165.18 2 1
github.com/kanthorlabs/common/streaming/nats_subscriber.go:165.18,166.53 1 1
github.com/kanthorlabs/common/streaming/nats_subscriber.go:166.53,167.54 1 1
github.com/kanthorlabs/common/streaming/nats_subscriber.go:167.54,170.8 1 1
github.com/kanthorlabs/common/streaming/nats_subscriber.go:171.7,171.13 1 1
github.com/kanthorlabs/common/streaming/nats_subscriber.go:174.6,174.53 1 1
github.com/kanthorlabs/common/streaming/nats_subscriber.go:174.53,177.7 1 1
github.com/kanthorlabs/common/streaming/nats_subscriber.go:180.4,182.76 2 1
github.com/kanthorlabs/common/streaming/nats_subscriber.go:182.76,188.5 1 1
github.com/kanthorlabs/common/streaming/nats_subscriber.go:192.2,197.12 2 1
github.com/kanthorlabs/common/streaming/nats_subscriber.go:200.113,215.2 1 1
github.com/kanthorlabs/common/streaming/streaming.go:13.70,15.2 1 1
